<?xml version="1.0" encoding="UTF-8"?>
<coverage generated="1584538395726" clover="3.2.0">
  <project timestamp="1584538395727" name="All files">
    <metrics statements="196" coveredstatements="175" conditionals="46" coveredconditionals="35" methods="25" coveredmethods="25" elements="267" coveredelements="235" complexity="0" loc="196" ncloc="196" packages="7" files="15" classes="15"/>
    <package name="ecommerce_server">
      <metrics statements="11" coveredstatements="11" conditionals="0" coveredconditionals="0" methods="0" coveredmethods="0"/>
      <file name="app.js" path="/mnt/c/Users/orion/OneDrive/Desktop/repo-phase2-pemantapan/E-commerce/ecommerce_server/app.js">
        <metrics statements="11" coveredstatements="11" conditionals="0" coveredconditionals="0" methods="0" coveredmethods="0"/>
        <line num="1" count="2" type="stmt"/>
        <line num="2" count="2" type="stmt"/>
        <line num="3" count="2" type="stmt"/>
        <line num="4" count="2" type="stmt"/>
        <line num="5" count="2" type="stmt"/>
        <line num="7" count="2" type="stmt"/>
        <line num="8" count="2" type="stmt"/>
        <line num="9" count="2" type="stmt"/>
        <line num="10" count="2" type="stmt"/>
        <line num="11" count="2" type="stmt"/>
        <line num="12" count="2" type="stmt"/>
      </file>
    </package>
    <package name="ecommerce_server.config">
      <metrics statements="9" coveredstatements="6" conditionals="5" coveredconditionals="2" methods="0" coveredmethods="0"/>
      <file name="config.js" path="/mnt/c/Users/orion/OneDrive/Desktop/repo-phase2-pemantapan/E-commerce/ecommerce_server/config/config.js">
        <metrics statements="9" coveredstatements="6" conditionals="5" coveredconditionals="2" methods="0" coveredmethods="0"/>
        <line num="1" count="2" type="cond" truecount="1" falsecount="1"/>
        <line num="2" count="2" type="stmt"/>
        <line num="3" count="2" type="cond" truecount="1" falsecount="2"/>
        <line num="5" count="0" type="stmt"/>
        <line num="6" count="0" type="stmt"/>
        <line num="8" count="2" type="stmt"/>
        <line num="9" count="2" type="stmt"/>
        <line num="11" count="0" type="stmt"/>
        <line num="14" count="2" type="stmt"/>
      </file>
    </package>
    <package name="ecommerce_server.controllers">
      <metrics statements="59" coveredstatements="55" conditionals="16" coveredconditionals="16" methods="7" coveredmethods="7"/>
      <file name="ProductController.js" path="/mnt/c/Users/orion/OneDrive/Desktop/repo-phase2-pemantapan/E-commerce/ecommerce_server/controllers/ProductController.js">
        <metrics statements="33" coveredstatements="30" conditionals="6" coveredconditionals="6" methods="5" coveredmethods="5"/>
        <line num="1" count="2" type="stmt"/>
        <line num="5" count="5" type="stmt"/>
        <line num="6" count="5" type="stmt"/>
        <line num="7" count="5" type="stmt"/>
        <line num="16" count="2" type="stmt"/>
        <line num="25" count="2" type="stmt"/>
        <line num="28" count="3" type="stmt"/>
        <line num="33" count="1" type="stmt"/>
        <line num="34" count="1" type="stmt"/>
        <line num="37" count="1" type="stmt"/>
        <line num="39" count="0" type="stmt"/>
        <line num="44" count="2" type="stmt"/>
        <line num="45" count="2" type="stmt"/>
        <line num="52" count="2" type="cond" truecount="2" falsecount="0"/>
        <line num="53" count="1" type="stmt"/>
        <line num="55" count="1" type="stmt"/>
        <line num="62" count="0" type="stmt"/>
        <line num="67" count="4" type="stmt"/>
        <line num="68" count="4" type="stmt"/>
        <line num="69" count="4" type="stmt"/>
        <line num="83" count="2" type="stmt"/>
        <line num="85" count="2" type="cond" truecount="2" falsecount="0"/>
        <line num="86" count="1" type="stmt"/>
        <line num="88" count="1" type="stmt"/>
        <line num="95" count="2" type="stmt"/>
        <line num="101" count="2" type="stmt"/>
        <line num="102" count="2" type="stmt"/>
        <line num="107" count="2" type="cond" truecount="2" falsecount="0"/>
        <line num="108" count="1" type="stmt"/>
        <line num="114" count="1" type="stmt"/>
        <line num="118" count="1" type="stmt"/>
        <line num="125" count="0" type="stmt"/>
        <line num="131" count="2" type="stmt"/>
      </file>
      <file name="UserController.js" path="/mnt/c/Users/orion/OneDrive/Desktop/repo-phase2-pemantapan/E-commerce/ecommerce_server/controllers/UserController.js">
        <metrics statements="26" coveredstatements="25" conditionals="10" coveredconditionals="10" methods="2" coveredmethods="2"/>
        <line num="1" count="2" type="stmt"/>
        <line num="2" count="2" type="stmt"/>
        <line num="3" count="2" type="stmt"/>
        <line num="7" count="6" type="stmt"/>
        <line num="8" count="6" type="stmt"/>
        <line num="9" count="6" type="stmt"/>
        <line num="15" count="6" type="cond" truecount="2" falsecount="0"/>
        <line num="16" count="1" type="stmt"/>
        <line num="22" count="6" type="stmt"/>
        <line num="27" count="1" type="stmt"/>
        <line num="33" count="1" type="stmt"/>
        <line num="36" count="5" type="stmt"/>
        <line num="41" count="4" type="stmt"/>
        <line num="42" count="4" type="stmt"/>
        <line num="43" count="4" type="cond" truecount="4" falsecount="0"/>
        <line num="48" count="4" type="stmt"/>
        <line num="53" count="4" type="cond" truecount="2" falsecount="0"/>
        <line num="54" count="2" type="stmt"/>
        <line num="55" count="2" type="cond" truecount="2" falsecount="0"/>
        <line num="56" count="1" type="stmt"/>
        <line num="61" count="1" type="stmt"/>
        <line num="62" count="1" type="stmt"/>
        <line num="67" count="1" type="stmt"/>
        <line num="74" count="2" type="stmt"/>
        <line num="82" count="0" type="stmt"/>
        <line num="87" count="2" type="stmt"/>
      </file>
    </package>
    <package name="ecommerce_server.helpers">
      <metrics statements="9" coveredstatements="9" conditionals="0" coveredconditionals="0" methods="4" coveredmethods="4"/>
      <file name="bcrypt.js" path="/mnt/c/Users/orion/OneDrive/Desktop/repo-phase2-pemantapan/E-commerce/ecommerce_server/helpers/bcrypt.js">
        <metrics statements="5" coveredstatements="5" conditionals="0" coveredconditionals="0" methods="2" coveredmethods="2"/>
        <line num="1" count="2" type="stmt"/>
        <line num="3" count="2" type="stmt"/>
        <line num="5" count="8" type="stmt"/>
        <line num="6" count="8" type="stmt"/>
        <line num="10" count="2" type="stmt"/>
      </file>
      <file name="jwtoken.js" path="/mnt/c/Users/orion/OneDrive/Desktop/repo-phase2-pemantapan/E-commerce/ecommerce_server/helpers/jwtoken.js">
        <metrics statements="4" coveredstatements="4" conditionals="0" coveredconditionals="0" methods="2" coveredmethods="2"/>
        <line num="1" count="2" type="stmt"/>
        <line num="3" count="2" type="stmt"/>
        <line num="5" count="3" type="stmt"/>
        <line num="9" count="14" type="stmt"/>
      </file>
    </package>
    <package name="ecommerce_server.middlewares">
      <metrics statements="46" coveredstatements="33" conditionals="14" coveredconditionals="9" methods="3" coveredmethods="3"/>
      <file name="auth.js" path="/mnt/c/Users/orion/OneDrive/Desktop/repo-phase2-pemantapan/E-commerce/ecommerce_server/middlewares/auth.js">
        <metrics statements="18" coveredstatements="16" conditionals="6" coveredconditionals="5" methods="2" coveredmethods="2"/>
        <line num="1" count="2" type="stmt"/>
        <line num="2" count="2" type="stmt"/>
        <line num="4" count="2" type="stmt"/>
        <line num="6" count="17" type="stmt"/>
        <line num="7" count="17" type="stmt"/>
        <line num="8" count="17" type="cond" truecount="2" falsecount="0"/>
        <line num="9" count="14" type="stmt"/>
        <line num="11" count="14" type="stmt"/>
        <line num="15" count="14" type="cond" truecount="1" falsecount="1"/>
        <line num="16" count="14" type="stmt"/>
        <line num="17" count="14" type="stmt"/>
        <line num="19" count="0" type="stmt"/>
        <line num="27" count="3" type="stmt"/>
        <line num="35" count="0" type="stmt"/>
        <line num="40" count="14" type="stmt"/>
        <line num="41" count="14" type="cond" truecount="2" falsecount="0"/>
        <line num="42" count="11" type="stmt"/>
        <line num="44" count="3" type="stmt"/>
      </file>
      <file name="error-handler.js" path="/mnt/c/Users/orion/OneDrive/Desktop/repo-phase2-pemantapan/E-commerce/ecommerce_server/middlewares/error-handler.js">
        <metrics statements="28" coveredstatements="17" conditionals="8" coveredconditionals="4" methods="1" coveredmethods="1"/>
        <line num="1" count="2" type="stmt"/>
        <line num="2" count="22" type="stmt"/>
        <line num="3" count="22" type="stmt"/>
        <line num="4" count="22" type="stmt"/>
        <line num="8" count="22" type="cond" truecount="2" falsecount="2"/>
        <line num="10" count="9" type="stmt"/>
        <line num="11" count="9" type="stmt"/>
        <line num="12" count="9" type="stmt"/>
        <line num="13" count="23" type="stmt"/>
        <line num="15" count="9" type="stmt"/>
        <line num="16" count="9" type="stmt"/>
        <line num="19" count="0" type="stmt"/>
        <line num="20" count="0" type="stmt"/>
        <line num="21" count="0" type="stmt"/>
        <line num="22" count="0" type="stmt"/>
        <line num="24" count="0" type="stmt"/>
        <line num="25" count="0" type="stmt"/>
        <line num="28" count="0" type="stmt"/>
        <line num="29" count="0" type="stmt"/>
        <line num="30" count="0" type="stmt"/>
        <line num="31" count="0" type="stmt"/>
        <line num="32" count="0" type="stmt"/>
        <line num="35" count="13" type="cond" truecount="1" falsecount="1"/>
        <line num="36" count="13" type="cond" truecount="1" falsecount="1"/>
        <line num="37" count="13" type="stmt"/>
        <line num="38" count="13" type="stmt"/>
        <line num="39" count="13" type="stmt"/>
        <line num="43" count="2" type="stmt"/>
      </file>
    </package>
    <package name="ecommerce_server.models">
      <metrics statements="41" coveredstatements="40" conditionals="11" coveredconditionals="8" methods="11" coveredmethods="11"/>
      <file name="category.js" path="/mnt/c/Users/orion/OneDrive/Desktop/repo-phase2-pemantapan/E-commerce/ecommerce_server/models/category.js">
        <metrics statements="6" coveredstatements="6" conditionals="0" coveredconditionals="0" methods="2" coveredmethods="2"/>
        <line num="2" count="2" type="stmt"/>
        <line num="3" count="2" type="stmt"/>
        <line num="7" count="2" type="stmt"/>
        <line num="26" count="2" type="stmt"/>
        <line num="28" count="2" type="stmt"/>
        <line num="32" count="2" type="stmt"/>
      </file>
      <file name="index.js" path="/mnt/c/Users/orion/OneDrive/Desktop/repo-phase2-pemantapan/E-commerce/ecommerce_server/models/index.js">
        <metrics statements="20" coveredstatements="19" conditionals="9" coveredconditionals="6" methods="3" coveredmethods="3"/>
        <line num="3" count="2" type="stmt"/>
        <line num="4" count="2" type="stmt"/>
        <line num="5" count="2" type="stmt"/>
        <line num="6" count="2" type="stmt"/>
        <line num="7" count="2" type="cond" truecount="1" falsecount="1"/>
        <line num="8" count="2" type="stmt"/>
        <line num="9" count="2" type="stmt"/>
        <line num="12" count="2" type="cond" truecount="1" falsecount="1"/>
        <line num="13" count="0" type="stmt"/>
        <line num="15" count="2" type="stmt"/>
        <line num="18" count="2" type="stmt"/>
        <line num="21" count="8" type="cond" truecount="3" falsecount="0"/>
        <line num="24" count="6" type="stmt"/>
        <line num="25" count="6" type="stmt"/>
        <line num="28" count="2" type="stmt"/>
        <line num="29" count="6" type="cond" truecount="1" falsecount="1"/>
        <line num="30" count="6" type="stmt"/>
        <line num="34" count="2" type="stmt"/>
        <line num="35" count="2" type="stmt"/>
        <line num="37" count="2" type="stmt"/>
      </file>
      <file name="product.js" path="/mnt/c/Users/orion/OneDrive/Desktop/repo-phase2-pemantapan/E-commerce/ecommerce_server/models/product.js">
        <metrics statements="8" coveredstatements="8" conditionals="2" coveredconditionals="2" methods="3" coveredmethods="3"/>
        <line num="2" count="2" type="stmt"/>
        <line num="3" count="2" type="stmt"/>
        <line num="7" count="2" type="stmt"/>
        <line num="93" count="11" type="cond" truecount="2" falsecount="0"/>
        <line num="94" count="1" type="stmt"/>
        <line num="100" count="2" type="stmt"/>
        <line num="102" count="2" type="stmt"/>
        <line num="106" count="2" type="stmt"/>
      </file>
      <file name="user.js" path="/mnt/c/Users/orion/OneDrive/Desktop/repo-phase2-pemantapan/E-commerce/ecommerce_server/models/user.js">
        <metrics statements="7" coveredstatements="7" conditionals="0" coveredconditionals="0" methods="3" coveredmethods="3"/>
        <line num="2" count="2" type="stmt"/>
        <line num="3" count="2" type="stmt"/>
        <line num="4" count="2" type="stmt"/>
        <line num="7" count="2" type="stmt"/>
        <line num="67" count="8" type="stmt"/>
        <line num="72" count="2" type="stmt"/>
        <line num="75" count="2" type="stmt"/>
      </file>
    </package>
    <package name="ecommerce_server.router">
      <metrics statements="21" coveredstatements="21" conditionals="0" coveredconditionals="0" methods="0" coveredmethods="0"/>
      <file name="ProductRoute.js" path="/mnt/c/Users/orion/OneDrive/Desktop/repo-phase2-pemantapan/E-commerce/ecommerce_server/router/ProductRoute.js">
        <metrics statements="10" coveredstatements="10" conditionals="0" coveredconditionals="0" methods="0" coveredmethods="0"/>
        <line num="1" count="2" type="stmt"/>
        <line num="2" count="2" type="stmt"/>
        <line num="3" count="2" type="stmt"/>
        <line num="5" count="2" type="stmt"/>
        <line num="6" count="2" type="stmt"/>
        <line num="8" count="2" type="stmt"/>
        <line num="9" count="2" type="stmt"/>
        <line num="10" count="2" type="stmt"/>
        <line num="11" count="2" type="stmt"/>
        <line num="13" count="2" type="stmt"/>
      </file>
      <file name="UserRoutes.js" path="/mnt/c/Users/orion/OneDrive/Desktop/repo-phase2-pemantapan/E-commerce/ecommerce_server/router/UserRoutes.js">
        <metrics statements="5" coveredstatements="5" conditionals="0" coveredconditionals="0" methods="0" coveredmethods="0"/>
        <line num="1" count="2" type="stmt"/>
        <line num="2" count="2" type="stmt"/>
        <line num="4" count="2" type="stmt"/>
        <line num="5" count="2" type="stmt"/>
        <line num="7" count="2" type="stmt"/>
      </file>
      <file name="index.js" path="/mnt/c/Users/orion/OneDrive/Desktop/repo-phase2-pemantapan/E-commerce/ecommerce_server/router/index.js">
        <metrics statements="6" coveredstatements="6" conditionals="0" coveredconditionals="0" methods="0" coveredmethods="0"/>
        <line num="1" count="2" type="stmt"/>
        <line num="2" count="2" type="stmt"/>
        <line num="3" count="2" type="stmt"/>
        <line num="5" count="2" type="stmt"/>
        <line num="7" count="2" type="stmt"/>
        <line num="9" count="2" type="stmt"/>
      </file>
    </package>
  </project>
</coverage>
