{"/mnt/c/Users/orion/OneDrive/Desktop/repo-phase2-pemantapan/E-commerce/ecommerce_server/app.js": {"path":"/mnt/c/Users/orion/OneDrive/Desktop/repo-phase2-pemantapan/E-commerce/ecommerce_server/app.js","statementMap":{"0":{"start":{"line":1,"column":16},"end":{"line":1,"column":34}},"1":{"start":{"line":2,"column":12},"end":{"line":2,"column":21}},"2":{"start":{"line":3,"column":13},"end":{"line":3,"column":28}},"3":{"start":{"line":4,"column":21},"end":{"line":4,"column":59}},"4":{"start":{"line":5,"column":15},"end":{"line":5,"column":34}},"5":{"start":{"line":7,"column":0},"end":{"line":7,"column":16}},"6":{"start":{"line":8,"column":0},"end":{"line":8,"column":49}},"7":{"start":{"line":9,"column":0},"end":{"line":9,"column":24}},"8":{"start":{"line":10,"column":0},"end":{"line":10,"column":16}},"9":{"start":{"line":11,"column":0},"end":{"line":11,"column":22}},"10":{"start":{"line":12,"column":0},"end":{"line":12,"column":21}}},"fnMap":{},"branchMap":{},"s":{"0":2,"1":2,"2":2,"3":2,"4":2,"5":2,"6":2,"7":2,"8":2,"9":2,"10":2},"f":{},"b":{},"_coverageSchema":"1a1c01bbd47fc00a2c39e90264f33305004495a9","hash":"bc905ce7d93b2462f0eeb512a4bcd414c56b9fdb"}
,"/mnt/c/Users/orion/OneDrive/Desktop/repo-phase2-pemantapan/E-commerce/ecommerce_server/config/config.js": {"path":"/mnt/c/Users/orion/OneDrive/Desktop/repo-phase2-pemantapan/E-commerce/ecommerce_server/config/config.js","statementMap":{"0":{"start":{"line":1,"column":12},"end":{"line":1,"column":49}},"1":{"start":{"line":3,"column":0},"end":{"line":9,"column":1}},"2":{"start":{"line":5,"column":4},"end":{"line":5,"column":61}},"3":{"start":{"line":6,"column":6},"end":{"line":6,"column":11}},"4":{"start":{"line":8,"column":4},"end":{"line":8,"column":66}},"5":{"start":{"line":11,"column":0},"end":{"line":17,"column":1}}},"fnMap":{},"branchMap":{"0":{"loc":{"start":{"line":1,"column":12},"end":{"line":1,"column":49}},"type":"binary-expr","locations":[{"start":{"line":1,"column":12},"end":{"line":1,"column":32}},{"start":{"line":1,"column":36},"end":{"line":1,"column":49}}],"line":1},"1":{"loc":{"start":{"line":3,"column":0},"end":{"line":9,"column":1}},"type":"switch","locations":[{"start":{"line":4,"column":2},"end":{"line":6,"column":11}},{"start":{"line":7,"column":2},"end":{"line":8,"column":66}}],"line":3}},"s":{"0":2,"1":2,"2":0,"3":0,"4":2,"5":2},"f":{},"b":{"0":[2,0],"1":[0,2]},"_coverageSchema":"1a1c01bbd47fc00a2c39e90264f33305004495a9","hash":"3dea9d194ecebba7d72fcea8a2face36b54e995f"}
,"/mnt/c/Users/orion/OneDrive/Desktop/repo-phase2-pemantapan/E-commerce/ecommerce_server/controllers/CartController.js": {"path":"/mnt/c/Users/orion/OneDrive/Desktop/repo-phase2-pemantapan/E-commerce/ecommerce_server/controllers/CartController.js","statementMap":{"0":{"start":{"line":1,"column":43},"end":{"line":1,"column":63}},"1":{"start":{"line":6,"column":4},"end":{"line":69,"column":5}},"2":{"start":{"line":7,"column":38},"end":{"line":7,"column":46}},"3":{"start":{"line":9,"column":22},"end":{"line":13,"column":8}},"4":{"start":{"line":15,"column":19},"end":{"line":20,"column":8}},"5":{"start":{"line":22,"column":6},"end":{"line":65,"column":7}},"6":{"start":{"line":23,"column":8},"end":{"line":23,"column":41}},"7":{"start":{"line":24,"column":8},"end":{"line":38,"column":9}},"8":{"start":{"line":25,"column":23},"end":{"line":30,"column":12}},"9":{"start":{"line":31,"column":10},"end":{"line":31,"column":37}},"10":{"start":{"line":33,"column":10},"end":{"line":37,"column":13}},"11":{"start":{"line":41,"column":8},"end":{"line":64,"column":9}},"12":{"start":{"line":42,"column":25},"end":{"line":56,"column":12}},"13":{"start":{"line":43,"column":26},"end":{"line":46,"column":35}},"14":{"start":{"line":48,"column":25},"end":{"line":53,"column":34}},"15":{"start":{"line":54,"column":12},"end":{"line":54,"column":40}},"16":{"start":{"line":55,"column":12},"end":{"line":55,"column":24}},"17":{"start":{"line":57,"column":10},"end":{"line":57,"column":39}},"18":{"start":{"line":59,"column":10},"end":{"line":63,"column":13}},"19":{"start":{"line":68,"column":6},"end":{"line":68,"column":16}},"20":{"start":{"line":73,"column":4},"end":{"line":89,"column":5}},"21":{"start":{"line":74,"column":19},"end":{"line":83,"column":8}},"22":{"start":{"line":85,"column":6},"end":{"line":85,"column":33}},"23":{"start":{"line":88,"column":6},"end":{"line":88,"column":16}},"24":{"start":{"line":95,"column":4},"end":{"line":113,"column":5}},"25":{"start":{"line":96,"column":21},"end":{"line":96,"column":35}},"26":{"start":{"line":98,"column":21},"end":{"line":108,"column":8}},"27":{"start":{"line":110,"column":6},"end":{"line":110,"column":35}},"28":{"start":{"line":112,"column":6},"end":{"line":112,"column":16}},"29":{"start":{"line":117,"column":4},"end":{"line":139,"column":5}},"30":{"start":{"line":118,"column":21},"end":{"line":122,"column":8}},"31":{"start":{"line":124,"column":6},"end":{"line":135,"column":7}},"32":{"start":{"line":125,"column":8},"end":{"line":128,"column":11}},"33":{"start":{"line":130,"column":8},"end":{"line":134,"column":10}},"34":{"start":{"line":138,"column":6},"end":{"line":138,"column":16}},"35":{"start":{"line":143,"column":4},"end":{"line":147,"column":5}},"36":{"start":{"line":174,"column":0},"end":{"line":174,"column":28}}},"fnMap":{"0":{"name":"(anonymous_0)","decl":{"start":{"line":4,"column":2},"end":{"line":4,"column":3}},"loc":{"start":{"line":4,"column":39},"end":{"line":70,"column":3}},"line":4},"1":{"name":"(anonymous_1)","decl":{"start":{"line":42,"column":53},"end":{"line":42,"column":54}},"loc":{"start":{"line":42,"column":66},"end":{"line":56,"column":11}},"line":42},"2":{"name":"(anonymous_2)","decl":{"start":{"line":72,"column":2},"end":{"line":72,"column":3}},"loc":{"start":{"line":72,"column":40},"end":{"line":92,"column":3}},"line":72},"3":{"name":"(anonymous_3)","decl":{"start":{"line":94,"column":2},"end":{"line":94,"column":3}},"loc":{"start":{"line":94,"column":45},"end":{"line":114,"column":3}},"line":94},"4":{"name":"(anonymous_4)","decl":{"start":{"line":116,"column":2},"end":{"line":116,"column":3}},"loc":{"start":{"line":116,"column":43},"end":{"line":140,"column":3}},"line":116},"5":{"name":"(anonymous_5)","decl":{"start":{"line":142,"column":2},"end":{"line":142,"column":3}},"loc":{"start":{"line":142,"column":41},"end":{"line":148,"column":3}},"line":142}},"branchMap":{"0":{"loc":{"start":{"line":22,"column":6},"end":{"line":65,"column":7}},"type":"if","locations":[{"start":{"line":22,"column":6},"end":{"line":65,"column":7}},{"start":{"line":22,"column":6},"end":{"line":65,"column":7}}],"line":22},"1":{"loc":{"start":{"line":24,"column":8},"end":{"line":38,"column":9}},"type":"if","locations":[{"start":{"line":24,"column":8},"end":{"line":38,"column":9}},{"start":{"line":24,"column":8},"end":{"line":38,"column":9}}],"line":24},"2":{"loc":{"start":{"line":41,"column":8},"end":{"line":64,"column":9}},"type":"if","locations":[{"start":{"line":41,"column":8},"end":{"line":64,"column":9}},{"start":{"line":41,"column":8},"end":{"line":64,"column":9}}],"line":41},"3":{"loc":{"start":{"line":124,"column":6},"end":{"line":135,"column":7}},"type":"if","locations":[{"start":{"line":124,"column":6},"end":{"line":135,"column":7}},{"start":{"line":124,"column":6},"end":{"line":135,"column":7}}],"line":124}},"s":{"0":2,"1":0,"2":0,"3":0,"4":0,"5":0,"6":0,"7":0,"8":0,"9":0,"10":0,"11":0,"12":0,"13":0,"14":0,"15":0,"16":0,"17":0,"18":0,"19":0,"20":0,"21":0,"22":0,"23":0,"24":0,"25":0,"26":0,"27":0,"28":0,"29":0,"30":0,"31":0,"32":0,"33":0,"34":0,"35":0,"36":2},"f":{"0":0,"1":0,"2":0,"3":0,"4":0,"5":0},"b":{"0":[0,0],"1":[0,0],"2":[0,0],"3":[0,0]},"_coverageSchema":"1a1c01bbd47fc00a2c39e90264f33305004495a9","hash":"68a59fe768348e07a154eba01580c56e0a3b6480"}
,"/mnt/c/Users/orion/OneDrive/Desktop/repo-phase2-pemantapan/E-commerce/ecommerce_server/controllers/CategoryController.js": {"path":"/mnt/c/Users/orion/OneDrive/Desktop/repo-phase2-pemantapan/E-commerce/ecommerce_server/controllers/CategoryController.js","statementMap":{"0":{"start":{"line":1,"column":30},"end":{"line":1,"column":50}},"1":{"start":{"line":5,"column":4},"end":{"line":15,"column":5}},"2":{"start":{"line":6,"column":23},"end":{"line":6,"column":31}},"3":{"start":{"line":8,"column":26},"end":{"line":10,"column":10}},"4":{"start":{"line":11,"column":6},"end":{"line":11,"column":40}},"5":{"start":{"line":14,"column":6},"end":{"line":14,"column":16}},"6":{"start":{"line":19,"column":4},"end":{"line":26,"column":5}},"7":{"start":{"line":20,"column":25},"end":{"line":22,"column":8}},"8":{"start":{"line":23,"column":6},"end":{"line":23,"column":39}},"9":{"start":{"line":25,"column":6},"end":{"line":25,"column":16}},"10":{"start":{"line":30,"column":4},"end":{"line":49,"column":5}},"11":{"start":{"line":31,"column":23},"end":{"line":36,"column":8}},"12":{"start":{"line":38,"column":6},"end":{"line":46,"column":7}},"13":{"start":{"line":39,"column":8},"end":{"line":39,"column":39}},"14":{"start":{"line":41,"column":8},"end":{"line":45,"column":11}},"15":{"start":{"line":48,"column":6},"end":{"line":48,"column":16}},"16":{"start":{"line":53,"column":4},"end":{"line":77,"column":5}},"17":{"start":{"line":54,"column":24},"end":{"line":54,"column":32}},"18":{"start":{"line":55,"column":23},"end":{"line":62,"column":8}},"19":{"start":{"line":64,"column":27},"end":{"line":64,"column":41}},"20":{"start":{"line":66,"column":6},"end":{"line":74,"column":7}},"21":{"start":{"line":67,"column":8},"end":{"line":67,"column":43}},"22":{"start":{"line":69,"column":8},"end":{"line":73,"column":11}},"23":{"start":{"line":76,"column":6},"end":{"line":76,"column":16}},"24":{"start":{"line":82,"column":4},"end":{"line":108,"column":5}},"25":{"start":{"line":83,"column":6},"end":{"line":87,"column":8}},"26":{"start":{"line":89,"column":23},"end":{"line":93,"column":8}},"27":{"start":{"line":95,"column":6},"end":{"line":105,"column":7}},"28":{"start":{"line":96,"column":8},"end":{"line":100,"column":11}},"29":{"start":{"line":102,"column":8},"end":{"line":104,"column":11}},"30":{"start":{"line":107,"column":6},"end":{"line":107,"column":16}},"31":{"start":{"line":113,"column":0},"end":{"line":113,"column":28}}},"fnMap":{"0":{"name":"(anonymous_0)","decl":{"start":{"line":4,"column":2},"end":{"line":4,"column":3}},"loc":{"start":{"line":4,"column":39},"end":{"line":16,"column":3}},"line":4},"1":{"name":"(anonymous_1)","decl":{"start":{"line":18,"column":2},"end":{"line":18,"column":3}},"loc":{"start":{"line":18,"column":39},"end":{"line":27,"column":3}},"line":18},"2":{"name":"(anonymous_2)","decl":{"start":{"line":29,"column":2},"end":{"line":29,"column":3}},"loc":{"start":{"line":29,"column":39},"end":{"line":50,"column":3}},"line":29},"3":{"name":"(anonymous_3)","decl":{"start":{"line":52,"column":2},"end":{"line":52,"column":3}},"loc":{"start":{"line":52,"column":38},"end":{"line":79,"column":3}},"line":52},"4":{"name":"(anonymous_4)","decl":{"start":{"line":81,"column":2},"end":{"line":81,"column":3}},"loc":{"start":{"line":81,"column":38},"end":{"line":110,"column":3}},"line":81}},"branchMap":{"0":{"loc":{"start":{"line":38,"column":6},"end":{"line":46,"column":7}},"type":"if","locations":[{"start":{"line":38,"column":6},"end":{"line":46,"column":7}},{"start":{"line":38,"column":6},"end":{"line":46,"column":7}}],"line":38},"1":{"loc":{"start":{"line":66,"column":6},"end":{"line":74,"column":7}},"type":"if","locations":[{"start":{"line":66,"column":6},"end":{"line":74,"column":7}},{"start":{"line":66,"column":6},"end":{"line":74,"column":7}}],"line":66},"2":{"loc":{"start":{"line":95,"column":6},"end":{"line":105,"column":7}},"type":"if","locations":[{"start":{"line":95,"column":6},"end":{"line":105,"column":7}},{"start":{"line":95,"column":6},"end":{"line":105,"column":7}}],"line":95}},"s":{"0":2,"1":0,"2":0,"3":0,"4":0,"5":0,"6":0,"7":0,"8":0,"9":0,"10":0,"11":0,"12":0,"13":0,"14":0,"15":0,"16":0,"17":0,"18":0,"19":0,"20":0,"21":0,"22":0,"23":0,"24":0,"25":0,"26":0,"27":0,"28":0,"29":0,"30":0,"31":2},"f":{"0":0,"1":0,"2":0,"3":0,"4":0},"b":{"0":[0,0],"1":[0,0],"2":[0,0]},"_coverageSchema":"1a1c01bbd47fc00a2c39e90264f33305004495a9","hash":"dbc5a878f099252782b0a67002af261d49b064a8"}
,"/mnt/c/Users/orion/OneDrive/Desktop/repo-phase2-pemantapan/E-commerce/ecommerce_server/controllers/ProductController.js": {"path":"/mnt/c/Users/orion/OneDrive/Desktop/repo-phase2-pemantapan/E-commerce/ecommerce_server/controllers/ProductController.js","statementMap":{"0":{"start":{"line":1,"column":36},"end":{"line":1,"column":56}},"1":{"start":{"line":5,"column":4},"end":{"line":43,"column":5}},"2":{"start":{"line":6,"column":73},"end":{"line":6,"column":81}},"3":{"start":{"line":7,"column":23},"end":{"line":11,"column":8}},"4":{"start":{"line":12,"column":6},"end":{"line":38,"column":7}},"5":{"start":{"line":13,"column":8},"end":{"line":17,"column":11}},"6":{"start":{"line":19,"column":27},"end":{"line":26,"column":12}},"7":{"start":{"line":28,"column":24},"end":{"line":36,"column":9}},"8":{"start":{"line":37,"column":8},"end":{"line":37,"column":38}},"9":{"start":{"line":42,"column":6},"end":{"line":42,"column":16}},"10":{"start":{"line":47,"column":4},"end":{"line":54,"column":5}},"11":{"start":{"line":48,"column":23},"end":{"line":50,"column":8}},"12":{"start":{"line":51,"column":6},"end":{"line":51,"column":37}},"13":{"start":{"line":53,"column":6},"end":{"line":53,"column":16}},"14":{"start":{"line":58,"column":4},"end":{"line":77,"column":5}},"15":{"start":{"line":59,"column":22},"end":{"line":64,"column":8}},"16":{"start":{"line":66,"column":6},"end":{"line":74,"column":7}},"17":{"start":{"line":67,"column":8},"end":{"line":67,"column":38}},"18":{"start":{"line":69,"column":8},"end":{"line":73,"column":11}},"19":{"start":{"line":76,"column":6},"end":{"line":76,"column":16}},"20":{"start":{"line":81,"column":4},"end":{"line":110,"column":5}},"21":{"start":{"line":82,"column":73},"end":{"line":82,"column":81}},"22":{"start":{"line":83,"column":22},"end":{"line":95,"column":8}},"23":{"start":{"line":97,"column":26},"end":{"line":97,"column":39}},"24":{"start":{"line":99,"column":6},"end":{"line":107,"column":7}},"25":{"start":{"line":100,"column":8},"end":{"line":100,"column":42}},"26":{"start":{"line":102,"column":8},"end":{"line":106,"column":11}},"27":{"start":{"line":109,"column":6},"end":{"line":109,"column":16}},"28":{"start":{"line":115,"column":4},"end":{"line":140,"column":5}},"29":{"start":{"line":116,"column":22},"end":{"line":120,"column":8}},"30":{"start":{"line":121,"column":6},"end":{"line":137,"column":7}},"31":{"start":{"line":122,"column":8},"end":{"line":126,"column":11}},"32":{"start":{"line":128,"column":8},"end":{"line":130,"column":11}},"33":{"start":{"line":132,"column":8},"end":{"line":136,"column":11}},"34":{"start":{"line":139,"column":6},"end":{"line":139,"column":16}},"35":{"start":{"line":145,"column":0},"end":{"line":145,"column":28}}},"fnMap":{"0":{"name":"(anonymous_0)","decl":{"start":{"line":4,"column":2},"end":{"line":4,"column":3}},"loc":{"start":{"line":4,"column":39},"end":{"line":44,"column":3}},"line":4},"1":{"name":"(anonymous_1)","decl":{"start":{"line":46,"column":2},"end":{"line":46,"column":3}},"loc":{"start":{"line":46,"column":39},"end":{"line":55,"column":3}},"line":46},"2":{"name":"(anonymous_2)","decl":{"start":{"line":57,"column":2},"end":{"line":57,"column":3}},"loc":{"start":{"line":57,"column":39},"end":{"line":78,"column":3}},"line":57},"3":{"name":"(anonymous_3)","decl":{"start":{"line":80,"column":2},"end":{"line":80,"column":3}},"loc":{"start":{"line":80,"column":38},"end":{"line":112,"column":3}},"line":80},"4":{"name":"(anonymous_4)","decl":{"start":{"line":114,"column":2},"end":{"line":114,"column":3}},"loc":{"start":{"line":114,"column":38},"end":{"line":142,"column":3}},"line":114}},"branchMap":{"0":{"loc":{"start":{"line":12,"column":6},"end":{"line":38,"column":7}},"type":"if","locations":[{"start":{"line":12,"column":6},"end":{"line":38,"column":7}},{"start":{"line":12,"column":6},"end":{"line":38,"column":7}}],"line":12},"1":{"loc":{"start":{"line":66,"column":6},"end":{"line":74,"column":7}},"type":"if","locations":[{"start":{"line":66,"column":6},"end":{"line":74,"column":7}},{"start":{"line":66,"column":6},"end":{"line":74,"column":7}}],"line":66},"2":{"loc":{"start":{"line":99,"column":6},"end":{"line":107,"column":7}},"type":"if","locations":[{"start":{"line":99,"column":6},"end":{"line":107,"column":7}},{"start":{"line":99,"column":6},"end":{"line":107,"column":7}}],"line":99},"3":{"loc":{"start":{"line":121,"column":6},"end":{"line":137,"column":7}},"type":"if","locations":[{"start":{"line":121,"column":6},"end":{"line":137,"column":7}},{"start":{"line":121,"column":6},"end":{"line":137,"column":7}}],"line":121}},"s":{"0":2,"1":5,"2":5,"3":5,"4":5,"5":0,"6":5,"7":2,"8":2,"9":3,"10":1,"11":1,"12":1,"13":0,"14":2,"15":2,"16":2,"17":1,"18":1,"19":0,"20":4,"21":4,"22":4,"23":2,"24":2,"25":1,"26":1,"27":2,"28":2,"29":2,"30":2,"31":1,"32":1,"33":1,"34":0,"35":2},"f":{"0":5,"1":1,"2":2,"3":4,"4":2},"b":{"0":[0,5],"1":[1,1],"2":[1,1],"3":[1,1]},"_coverageSchema":"1a1c01bbd47fc00a2c39e90264f33305004495a9","hash":"640f3062e1e79745eb9b810111d2cf09d73f17cd"}
,"/mnt/c/Users/orion/OneDrive/Desktop/repo-phase2-pemantapan/E-commerce/ecommerce_server/controllers/UserController.js": {"path":"/mnt/c/Users/orion/OneDrive/Desktop/repo-phase2-pemantapan/E-commerce/ecommerce_server/controllers/UserController.js","statementMap":{"0":{"start":{"line":1,"column":26},"end":{"line":1,"column":46}},"1":{"start":{"line":2,"column":28},"end":{"line":2,"column":56}},"2":{"start":{"line":3,"column":26},"end":{"line":3,"column":55}},"3":{"start":{"line":7,"column":4},"end":{"line":37,"column":5}},"4":{"start":{"line":8,"column":40},"end":{"line":8,"column":48}},"5":{"start":{"line":9,"column":19},"end":{"line":13,"column":8}},"6":{"start":{"line":15,"column":6},"end":{"line":21,"column":7}},"7":{"start":{"line":16,"column":8},"end":{"line":20,"column":10}},"8":{"start":{"line":22,"column":22},"end":{"line":26,"column":8}},"9":{"start":{"line":27,"column":22},"end":{"line":31,"column":7}},"10":{"start":{"line":33,"column":6},"end":{"line":33,"column":36}},"11":{"start":{"line":36,"column":6},"end":{"line":36,"column":16}},"12":{"start":{"line":41,"column":4},"end":{"line":83,"column":5}},"13":{"start":{"line":42,"column":34},"end":{"line":42,"column":42}},"14":{"start":{"line":43,"column":6},"end":{"line":47,"column":8}},"15":{"start":{"line":43,"column":31},"end":{"line":47,"column":8}},"16":{"start":{"line":48,"column":19},"end":{"line":52,"column":8}},"17":{"start":{"line":53,"column":6},"end":{"line":79,"column":7}},"18":{"start":{"line":54,"column":30},"end":{"line":54,"column":70}},"19":{"start":{"line":55,"column":8},"end":{"line":72,"column":9}},"20":{"start":{"line":56,"column":26},"end":{"line":60,"column":11}},"21":{"start":{"line":61,"column":24},"end":{"line":61,"column":46}},"22":{"start":{"line":62,"column":10},"end":{"line":65,"column":13}},"23":{"start":{"line":67,"column":10},"end":{"line":71,"column":12}},"24":{"start":{"line":74,"column":8},"end":{"line":78,"column":10}},"25":{"start":{"line":82,"column":6},"end":{"line":82,"column":16}},"26":{"start":{"line":91,"column":0},"end":{"line":91,"column":28}}},"fnMap":{"0":{"name":"(anonymous_0)","decl":{"start":{"line":6,"column":2},"end":{"line":6,"column":3}},"loc":{"start":{"line":6,"column":40},"end":{"line":38,"column":3}},"line":6},"1":{"name":"(anonymous_1)","decl":{"start":{"line":40,"column":2},"end":{"line":40,"column":3}},"loc":{"start":{"line":40,"column":37},"end":{"line":84,"column":3}},"line":40}},"branchMap":{"0":{"loc":{"start":{"line":15,"column":6},"end":{"line":21,"column":7}},"type":"if","locations":[{"start":{"line":15,"column":6},"end":{"line":21,"column":7}},{"start":{"line":15,"column":6},"end":{"line":21,"column":7}}],"line":15},"1":{"loc":{"start":{"line":43,"column":6},"end":{"line":47,"column":8}},"type":"if","locations":[{"start":{"line":43,"column":6},"end":{"line":47,"column":8}},{"start":{"line":43,"column":6},"end":{"line":47,"column":8}}],"line":43},"2":{"loc":{"start":{"line":43,"column":10},"end":{"line":43,"column":29}},"type":"binary-expr","locations":[{"start":{"line":43,"column":10},"end":{"line":43,"column":16}},{"start":{"line":43,"column":20},"end":{"line":43,"column":29}}],"line":43},"3":{"loc":{"start":{"line":53,"column":6},"end":{"line":79,"column":7}},"type":"if","locations":[{"start":{"line":53,"column":6},"end":{"line":79,"column":7}},{"start":{"line":53,"column":6},"end":{"line":79,"column":7}}],"line":53},"4":{"loc":{"start":{"line":55,"column":8},"end":{"line":72,"column":9}},"type":"if","locations":[{"start":{"line":55,"column":8},"end":{"line":72,"column":9}},{"start":{"line":55,"column":8},"end":{"line":72,"column":9}}],"line":55}},"s":{"0":2,"1":2,"2":2,"3":6,"4":6,"5":6,"6":6,"7":1,"8":6,"9":1,"10":1,"11":5,"12":4,"13":4,"14":4,"15":1,"16":4,"17":4,"18":2,"19":2,"20":1,"21":1,"22":1,"23":1,"24":2,"25":0,"26":2},"f":{"0":6,"1":4},"b":{"0":[1,5],"1":[1,3],"2":[4,3],"3":[2,2],"4":[1,1]},"_coverageSchema":"1a1c01bbd47fc00a2c39e90264f33305004495a9","hash":"8785fd01788e3dbb09e22ce805d1487ac48464e5"}
,"/mnt/c/Users/orion/OneDrive/Desktop/repo-phase2-pemantapan/E-commerce/ecommerce_server/helpers/bcrypt.js": {"path":"/mnt/c/Users/orion/OneDrive/Desktop/repo-phase2-pemantapan/E-commerce/ecommerce_server/helpers/bcrypt.js","statementMap":{"0":{"start":{"line":1,"column":46},"end":{"line":1,"column":65}},"1":{"start":{"line":3,"column":0},"end":{"line":12,"column":1}},"2":{"start":{"line":5,"column":17},"end":{"line":5,"column":47}},"3":{"start":{"line":6,"column":4},"end":{"line":6,"column":36}},"4":{"start":{"line":10,"column":4},"end":{"line":10,"column":49}}},"fnMap":{"0":{"name":"(anonymous_0)","decl":{"start":{"line":4,"column":2},"end":{"line":4,"column":3}},"loc":{"start":{"line":4,"column":25},"end":{"line":7,"column":3}},"line":4},"1":{"name":"(anonymous_1)","decl":{"start":{"line":9,"column":2},"end":{"line":9,"column":3}},"loc":{"start":{"line":9,"column":44},"end":{"line":11,"column":3}},"line":9}},"branchMap":{},"s":{"0":2,"1":2,"2":8,"3":8,"4":2},"f":{"0":8,"1":2},"b":{},"_coverageSchema":"1a1c01bbd47fc00a2c39e90264f33305004495a9","hash":"4e7febeb9c691a54d9538c9052e1de5777f43fc3"}
,"/mnt/c/Users/orion/OneDrive/Desktop/repo-phase2-pemantapan/E-commerce/ecommerce_server/helpers/jwtoken.js": {"path":"/mnt/c/Users/orion/OneDrive/Desktop/repo-phase2-pemantapan/E-commerce/ecommerce_server/helpers/jwtoken.js","statementMap":{"0":{"start":{"line":1,"column":25},"end":{"line":1,"column":48}},"1":{"start":{"line":3,"column":0},"end":{"line":11,"column":1}},"2":{"start":{"line":5,"column":4},"end":{"line":5,"column":49}},"3":{"start":{"line":9,"column":4},"end":{"line":9,"column":49}}},"fnMap":{"0":{"name":"(anonymous_0)","decl":{"start":{"line":4,"column":2},"end":{"line":4,"column":3}},"loc":{"start":{"line":4,"column":25},"end":{"line":6,"column":3}},"line":4},"1":{"name":"(anonymous_1)","decl":{"start":{"line":8,"column":2},"end":{"line":8,"column":3}},"loc":{"start":{"line":8,"column":21},"end":{"line":10,"column":3}},"line":8}},"branchMap":{},"s":{"0":2,"1":2,"2":3,"3":14},"f":{"0":3,"1":14},"b":{},"_coverageSchema":"1a1c01bbd47fc00a2c39e90264f33305004495a9","hash":"de39bb985fdce52c6b98590ae1f1253a7d2e7b35"}
,"/mnt/c/Users/orion/OneDrive/Desktop/repo-phase2-pemantapan/E-commerce/ecommerce_server/middlewares/auth.js": {"path":"/mnt/c/Users/orion/OneDrive/Desktop/repo-phase2-pemantapan/E-commerce/ecommerce_server/middlewares/auth.js","statementMap":{"0":{"start":{"line":1,"column":32},"end":{"line":1,"column":52}},"1":{"start":{"line":2,"column":39},"end":{"line":2,"column":68}},"2":{"start":{"line":4,"column":0},"end":{"line":83,"column":1}},"3":{"start":{"line":6,"column":4},"end":{"line":36,"column":5}},"4":{"start":{"line":7,"column":20},"end":{"line":7,"column":44}},"5":{"start":{"line":8,"column":6},"end":{"line":32,"column":7}},"6":{"start":{"line":9,"column":24},"end":{"line":9,"column":42}},"7":{"start":{"line":11,"column":21},"end":{"line":13,"column":10}},"8":{"start":{"line":15,"column":8},"end":{"line":24,"column":9}},"9":{"start":{"line":16,"column":10},"end":{"line":16,"column":32}},"10":{"start":{"line":17,"column":10},"end":{"line":17,"column":17}},"11":{"start":{"line":19,"column":10},"end":{"line":23,"column":13}},"12":{"start":{"line":27,"column":8},"end":{"line":31,"column":10}},"13":{"start":{"line":35,"column":6},"end":{"line":35,"column":16}},"14":{"start":{"line":40,"column":17},"end":{"line":40,"column":33}},"15":{"start":{"line":41,"column":4},"end":{"line":49,"column":5}},"16":{"start":{"line":42,"column":6},"end":{"line":42,"column":13}},"17":{"start":{"line":44,"column":6},"end":{"line":48,"column":8}},"18":{"start":{"line":53,"column":4},"end":{"line":80,"column":5}},"19":{"start":{"line":54,"column":21},"end":{"line":54,"column":35}},"20":{"start":{"line":56,"column":19},"end":{"line":60,"column":8}},"21":{"start":{"line":61,"column":6},"end":{"line":77,"column":7}},"22":{"start":{"line":62,"column":8},"end":{"line":70,"column":9}},"23":{"start":{"line":63,"column":10},"end":{"line":63,"column":17}},"24":{"start":{"line":65,"column":10},"end":{"line":69,"column":13}},"25":{"start":{"line":72,"column":8},"end":{"line":76,"column":10}},"26":{"start":{"line":79,"column":6},"end":{"line":79,"column":16}}},"fnMap":{"0":{"name":"(anonymous_0)","decl":{"start":{"line":5,"column":19},"end":{"line":5,"column":20}},"loc":{"start":{"line":5,"column":45},"end":{"line":37,"column":3}},"line":5},"1":{"name":"(anonymous_1)","decl":{"start":{"line":39,"column":24},"end":{"line":39,"column":25}},"loc":{"start":{"line":39,"column":44},"end":{"line":50,"column":3}},"line":39},"2":{"name":"(anonymous_2)","decl":{"start":{"line":52,"column":22},"end":{"line":52,"column":23}},"loc":{"start":{"line":52,"column":48},"end":{"line":82,"column":3}},"line":52}},"branchMap":{"0":{"loc":{"start":{"line":8,"column":6},"end":{"line":32,"column":7}},"type":"if","locations":[{"start":{"line":8,"column":6},"end":{"line":32,"column":7}},{"start":{"line":8,"column":6},"end":{"line":32,"column":7}}],"line":8},"1":{"loc":{"start":{"line":15,"column":8},"end":{"line":24,"column":9}},"type":"if","locations":[{"start":{"line":15,"column":8},"end":{"line":24,"column":9}},{"start":{"line":15,"column":8},"end":{"line":24,"column":9}}],"line":15},"2":{"loc":{"start":{"line":41,"column":4},"end":{"line":49,"column":5}},"type":"if","locations":[{"start":{"line":41,"column":4},"end":{"line":49,"column":5}},{"start":{"line":41,"column":4},"end":{"line":49,"column":5}}],"line":41},"3":{"loc":{"start":{"line":61,"column":6},"end":{"line":77,"column":7}},"type":"if","locations":[{"start":{"line":61,"column":6},"end":{"line":77,"column":7}},{"start":{"line":61,"column":6},"end":{"line":77,"column":7}}],"line":61},"4":{"loc":{"start":{"line":62,"column":8},"end":{"line":70,"column":9}},"type":"if","locations":[{"start":{"line":62,"column":8},"end":{"line":70,"column":9}},{"start":{"line":62,"column":8},"end":{"line":70,"column":9}}],"line":62}},"s":{"0":2,"1":2,"2":2,"3":17,"4":17,"5":17,"6":14,"7":14,"8":14,"9":14,"10":14,"11":0,"12":3,"13":0,"14":14,"15":14,"16":11,"17":3,"18":0,"19":0,"20":0,"21":0,"22":0,"23":0,"24":0,"25":0,"26":0},"f":{"0":17,"1":14,"2":0},"b":{"0":[14,3],"1":[14,0],"2":[11,3],"3":[0,0],"4":[0,0]},"_coverageSchema":"1a1c01bbd47fc00a2c39e90264f33305004495a9","hash":"7a0de66f71285ffbdd52d86c77bc5d12eb9641fc"}
,"/mnt/c/Users/orion/OneDrive/Desktop/repo-phase2-pemantapan/E-commerce/ecommerce_server/middlewares/error-handler.js": {"path":"/mnt/c/Users/orion/OneDrive/Desktop/repo-phase2-pemantapan/E-commerce/ecommerce_server/middlewares/error-handler.js","statementMap":{"0":{"start":{"line":1,"column":21},"end":{"line":41,"column":1}},"1":{"start":{"line":2,"column":15},"end":{"line":2,"column":18}},"2":{"start":{"line":3,"column":15},"end":{"line":3,"column":17}},"3":{"start":{"line":4,"column":14},"end":{"line":7,"column":3}},"4":{"start":{"line":8,"column":2},"end":{"line":40,"column":3}},"5":{"start":{"line":10,"column":6},"end":{"line":10,"column":33}},"6":{"start":{"line":11,"column":6},"end":{"line":11,"column":19}},"7":{"start":{"line":12,"column":6},"end":{"line":14,"column":7}},"8":{"start":{"line":13,"column":8},"end":{"line":13,"column":35}},"9":{"start":{"line":15,"column":6},"end":{"line":15,"column":35}},"10":{"start":{"line":16,"column":4},"end":{"line":16,"column":10}},"11":{"start":{"line":19,"column":6},"end":{"line":19,"column":33}},"12":{"start":{"line":20,"column":6},"end":{"line":20,"column":19}},"13":{"start":{"line":21,"column":6},"end":{"line":23,"column":7}},"14":{"start":{"line":22,"column":8},"end":{"line":22,"column":34}},"15":{"start":{"line":24,"column":6},"end":{"line":24,"column":35}},"16":{"start":{"line":25,"column":4},"end":{"line":25,"column":10}},"17":{"start":{"line":28,"column":6},"end":{"line":28,"column":29}},"18":{"start":{"line":29,"column":6},"end":{"line":29,"column":35}},"19":{"start":{"line":30,"column":6},"end":{"line":30,"column":19}},"20":{"start":{"line":31,"column":6},"end":{"line":31,"column":35}},"21":{"start":{"line":32,"column":6},"end":{"line":32,"column":12}},"22":{"start":{"line":35,"column":6},"end":{"line":35,"column":33}},"23":{"start":{"line":36,"column":6},"end":{"line":36,"column":55}},"24":{"start":{"line":37,"column":6},"end":{"line":37,"column":35}},"25":{"start":{"line":38,"column":6},"end":{"line":38,"column":35}},"26":{"start":{"line":39,"column":6},"end":{"line":39,"column":12}},"27":{"start":{"line":43,"column":0},"end":{"line":43,"column":30}}},"fnMap":{"0":{"name":"(anonymous_0)","decl":{"start":{"line":1,"column":21},"end":{"line":1,"column":22}},"loc":{"start":{"line":1,"column":43},"end":{"line":41,"column":1}},"line":1}},"branchMap":{"0":{"loc":{"start":{"line":8,"column":2},"end":{"line":40,"column":3}},"type":"switch","locations":[{"start":{"line":9,"column":4},"end":{"line":16,"column":10}},{"start":{"line":18,"column":4},"end":{"line":25,"column":10}},{"start":{"line":27,"column":4},"end":{"line":32,"column":12}},{"start":{"line":34,"column":4},"end":{"line":39,"column":12}}],"line":8},"1":{"loc":{"start":{"line":35,"column":15},"end":{"line":35,"column":32}},"type":"binary-expr","locations":[{"start":{"line":35,"column":15},"end":{"line":35,"column":25}},{"start":{"line":35,"column":29},"end":{"line":35,"column":32}}],"line":35},"2":{"loc":{"start":{"line":36,"column":20},"end":{"line":36,"column":55}},"type":"binary-expr","locations":[{"start":{"line":36,"column":20},"end":{"line":36,"column":28}},{"start":{"line":36,"column":32},"end":{"line":36,"column":55}}],"line":36}},"s":{"0":2,"1":22,"2":22,"3":22,"4":22,"5":9,"6":9,"7":9,"8":22,"9":9,"10":9,"11":0,"12":0,"13":0,"14":0,"15":0,"16":0,"17":0,"18":0,"19":0,"20":0,"21":0,"22":13,"23":13,"24":13,"25":13,"26":13,"27":2},"f":{"0":22},"b":{"0":[9,0,0,13],"1":[13,0],"2":[13,0]},"_coverageSchema":"1a1c01bbd47fc00a2c39e90264f33305004495a9","hash":"76b49354b946b089c02ff953cbf2b528c8732bde"}
,"/mnt/c/Users/orion/OneDrive/Desktop/repo-phase2-pemantapan/E-commerce/ecommerce_server/models/cart.js": {"path":"/mnt/c/Users/orion/OneDrive/Desktop/repo-phase2-pemantapan/E-commerce/ecommerce_server/models/cart.js","statementMap":{"0":{"start":{"line":2,"column":0},"end":{"line":46,"column":2}},"1":{"start":{"line":3,"column":16},"end":{"line":3,"column":41}},"2":{"start":{"line":7,"column":2},"end":{"line":38,"column":4}},"3":{"start":{"line":40,"column":2},"end":{"line":44,"column":4}},"4":{"start":{"line":42,"column":4},"end":{"line":42,"column":32}},"5":{"start":{"line":43,"column":4},"end":{"line":43,"column":30}},"6":{"start":{"line":45,"column":2},"end":{"line":45,"column":14}}},"fnMap":{"0":{"name":"(anonymous_0)","decl":{"start":{"line":2,"column":17},"end":{"line":2,"column":18}},"loc":{"start":{"line":2,"column":43},"end":{"line":46,"column":1}},"line":2},"1":{"name":"(anonymous_1)","decl":{"start":{"line":40,"column":19},"end":{"line":40,"column":20}},"loc":{"start":{"line":40,"column":36},"end":{"line":44,"column":3}},"line":40}},"branchMap":{},"s":{"0":2,"1":2,"2":2,"3":2,"4":2,"5":2,"6":2},"f":{"0":2,"1":2},"b":{},"_coverageSchema":"1a1c01bbd47fc00a2c39e90264f33305004495a9","hash":"7d36b8193bfcf25f48fd9d2812903f61d89123f2"}
,"/mnt/c/Users/orion/OneDrive/Desktop/repo-phase2-pemantapan/E-commerce/ecommerce_server/models/category.js": {"path":"/mnt/c/Users/orion/OneDrive/Desktop/repo-phase2-pemantapan/E-commerce/ecommerce_server/models/category.js","statementMap":{"0":{"start":{"line":2,"column":0},"end":{"line":31,"column":2}},"1":{"start":{"line":3,"column":16},"end":{"line":3,"column":41}},"2":{"start":{"line":7,"column":2},"end":{"line":24,"column":4}},"3":{"start":{"line":26,"column":2},"end":{"line":29,"column":4}},"4":{"start":{"line":28,"column":3},"end":{"line":28,"column":36}},"5":{"start":{"line":30,"column":2},"end":{"line":30,"column":18}}},"fnMap":{"0":{"name":"(anonymous_0)","decl":{"start":{"line":2,"column":17},"end":{"line":2,"column":18}},"loc":{"start":{"line":2,"column":43},"end":{"line":31,"column":1}},"line":2},"1":{"name":"(anonymous_1)","decl":{"start":{"line":26,"column":23},"end":{"line":26,"column":24}},"loc":{"start":{"line":26,"column":40},"end":{"line":29,"column":3}},"line":26}},"branchMap":{},"s":{"0":2,"1":2,"2":2,"3":2,"4":2,"5":2},"f":{"0":2,"1":2},"b":{},"_coverageSchema":"1a1c01bbd47fc00a2c39e90264f33305004495a9","hash":"c59e04d026aa86a02a6236108ed96828da6604c9"}
,"/mnt/c/Users/orion/OneDrive/Desktop/repo-phase2-pemantapan/E-commerce/ecommerce_server/models/index.js": {"path":"/mnt/c/Users/orion/OneDrive/Desktop/repo-phase2-pemantapan/E-commerce/ecommerce_server/models/index.js","statementMap":{"0":{"start":{"line":3,"column":11},"end":{"line":3,"column":24}},"1":{"start":{"line":4,"column":13},"end":{"line":4,"column":28}},"2":{"start":{"line":5,"column":18},"end":{"line":5,"column":38}},"3":{"start":{"line":6,"column":17},"end":{"line":6,"column":42}},"4":{"start":{"line":7,"column":12},"end":{"line":7,"column":49}},"5":{"start":{"line":8,"column":15},"end":{"line":8,"column":55}},"6":{"start":{"line":9,"column":11},"end":{"line":9,"column":13}},"7":{"start":{"line":12,"column":0},"end":{"line":19,"column":1}},"8":{"start":{"line":13,"column":2},"end":{"line":16,"column":5}},"9":{"start":{"line":18,"column":2},"end":{"line":18,"column":87}},"10":{"start":{"line":21,"column":0},"end":{"line":29,"column":5}},"11":{"start":{"line":24,"column":4},"end":{"line":24,"column":90}},"12":{"start":{"line":27,"column":18},"end":{"line":27,"column":65}},"13":{"start":{"line":28,"column":4},"end":{"line":28,"column":27}},"14":{"start":{"line":31,"column":0},"end":{"line":35,"column":3}},"15":{"start":{"line":32,"column":2},"end":{"line":34,"column":3}},"16":{"start":{"line":33,"column":4},"end":{"line":33,"column":32}},"17":{"start":{"line":37,"column":0},"end":{"line":37,"column":25}},"18":{"start":{"line":38,"column":0},"end":{"line":38,"column":25}},"19":{"start":{"line":40,"column":0},"end":{"line":40,"column":20}}},"fnMap":{"0":{"name":"(anonymous_0)","decl":{"start":{"line":23,"column":10},"end":{"line":23,"column":11}},"loc":{"start":{"line":23,"column":18},"end":{"line":25,"column":3}},"line":23},"1":{"name":"(anonymous_1)","decl":{"start":{"line":26,"column":11},"end":{"line":26,"column":12}},"loc":{"start":{"line":26,"column":19},"end":{"line":29,"column":3}},"line":26},"2":{"name":"(anonymous_2)","decl":{"start":{"line":31,"column":24},"end":{"line":31,"column":25}},"loc":{"start":{"line":31,"column":37},"end":{"line":35,"column":1}},"line":31}},"branchMap":{"0":{"loc":{"start":{"line":7,"column":12},"end":{"line":7,"column":49}},"type":"binary-expr","locations":[{"start":{"line":7,"column":12},"end":{"line":7,"column":32}},{"start":{"line":7,"column":36},"end":{"line":7,"column":49}}],"line":7},"1":{"loc":{"start":{"line":12,"column":0},"end":{"line":19,"column":1}},"type":"if","locations":[{"start":{"line":12,"column":0},"end":{"line":19,"column":1}},{"start":{"line":12,"column":0},"end":{"line":19,"column":1}}],"line":12},"2":{"loc":{"start":{"line":24,"column":11},"end":{"line":24,"column":89}},"type":"binary-expr","locations":[{"start":{"line":24,"column":12},"end":{"line":24,"column":35}},{"start":{"line":24,"column":41},"end":{"line":24,"column":58}},{"start":{"line":24,"column":64},"end":{"line":24,"column":88}}],"line":24},"3":{"loc":{"start":{"line":32,"column":2},"end":{"line":34,"column":3}},"type":"if","locations":[{"start":{"line":32,"column":2},"end":{"line":34,"column":3}},{"start":{"line":32,"column":2},"end":{"line":34,"column":3}}],"line":32}},"s":{"0":2,"1":2,"2":2,"3":2,"4":2,"5":2,"6":2,"7":2,"8":0,"9":2,"10":2,"11":12,"12":10,"13":10,"14":2,"15":10,"16":10,"17":2,"18":2,"19":2},"f":{"0":12,"1":10,"2":10},"b":{"0":[2,0],"1":[0,2],"2":[12,12,10],"3":[10,0]},"_coverageSchema":"1a1c01bbd47fc00a2c39e90264f33305004495a9","hash":"7f5852ac7e775f860280a1dee0e703aee1fc5ac5"}
,"/mnt/c/Users/orion/OneDrive/Desktop/repo-phase2-pemantapan/E-commerce/ecommerce_server/models/item.js": {"path":"/mnt/c/Users/orion/OneDrive/Desktop/repo-phase2-pemantapan/E-commerce/ecommerce_server/models/item.js","statementMap":{"0":{"start":{"line":2,"column":0},"end":{"line":67,"column":2}},"1":{"start":{"line":3,"column":16},"end":{"line":3,"column":41}},"2":{"start":{"line":7,"column":2},"end":{"line":59,"column":4}},"3":{"start":{"line":53,"column":8},"end":{"line":53,"column":48}},"4":{"start":{"line":56,"column":8},"end":{"line":56,"column":48}},"5":{"start":{"line":61,"column":2},"end":{"line":65,"column":4}},"6":{"start":{"line":63,"column":4},"end":{"line":63,"column":32}},"7":{"start":{"line":64,"column":4},"end":{"line":64,"column":35}},"8":{"start":{"line":66,"column":2},"end":{"line":66,"column":14}}},"fnMap":{"0":{"name":"(anonymous_0)","decl":{"start":{"line":2,"column":17},"end":{"line":2,"column":18}},"loc":{"start":{"line":2,"column":43},"end":{"line":67,"column":1}},"line":2},"1":{"name":"(anonymous_1)","decl":{"start":{"line":52,"column":6},"end":{"line":52,"column":7}},"loc":{"start":{"line":52,"column":34},"end":{"line":54,"column":7}},"line":52},"2":{"name":"(anonymous_2)","decl":{"start":{"line":55,"column":6},"end":{"line":55,"column":7}},"loc":{"start":{"line":55,"column":34},"end":{"line":57,"column":7}},"line":55},"3":{"name":"(anonymous_3)","decl":{"start":{"line":61,"column":19},"end":{"line":61,"column":20}},"loc":{"start":{"line":61,"column":36},"end":{"line":65,"column":3}},"line":61}},"branchMap":{},"s":{"0":2,"1":2,"2":2,"3":0,"4":0,"5":2,"6":2,"7":2,"8":2},"f":{"0":2,"1":0,"2":0,"3":2},"b":{},"_coverageSchema":"1a1c01bbd47fc00a2c39e90264f33305004495a9","hash":"1b8ea54b8f73223cded6980b2e25c7c6591f0849"}
,"/mnt/c/Users/orion/OneDrive/Desktop/repo-phase2-pemantapan/E-commerce/ecommerce_server/models/product.js": {"path":"/mnt/c/Users/orion/OneDrive/Desktop/repo-phase2-pemantapan/E-commerce/ecommerce_server/models/product.js","statementMap":{"0":{"start":{"line":2,"column":0},"end":{"line":105,"column":2}},"1":{"start":{"line":3,"column":16},"end":{"line":3,"column":41}},"2":{"start":{"line":7,"column":2},"end":{"line":98,"column":4}},"3":{"start":{"line":93,"column":8},"end":{"line":95,"column":9}},"4":{"start":{"line":94,"column":10},"end":{"line":94,"column":151}},"5":{"start":{"line":100,"column":2},"end":{"line":103,"column":4}},"6":{"start":{"line":102,"column":4},"end":{"line":102,"column":39}},"7":{"start":{"line":104,"column":2},"end":{"line":104,"column":17}}},"fnMap":{"0":{"name":"(anonymous_0)","decl":{"start":{"line":2,"column":17},"end":{"line":2,"column":18}},"loc":{"start":{"line":2,"column":43},"end":{"line":105,"column":1}},"line":2},"1":{"name":"(anonymous_1)","decl":{"start":{"line":92,"column":6},"end":{"line":92,"column":7}},"loc":{"start":{"line":92,"column":28},"end":{"line":96,"column":7}},"line":92},"2":{"name":"(anonymous_2)","decl":{"start":{"line":100,"column":22},"end":{"line":100,"column":23}},"loc":{"start":{"line":100,"column":39},"end":{"line":103,"column":3}},"line":100}},"branchMap":{"0":{"loc":{"start":{"line":93,"column":8},"end":{"line":95,"column":9}},"type":"if","locations":[{"start":{"line":93,"column":8},"end":{"line":95,"column":9}},{"start":{"line":93,"column":8},"end":{"line":95,"column":9}}],"line":93}},"s":{"0":2,"1":2,"2":2,"3":11,"4":1,"5":2,"6":2,"7":2},"f":{"0":2,"1":11,"2":2},"b":{"0":[1,10]},"_coverageSchema":"1a1c01bbd47fc00a2c39e90264f33305004495a9","hash":"619fc512324de6731cc2336723d1280bd452552b"}
,"/mnt/c/Users/orion/OneDrive/Desktop/repo-phase2-pemantapan/E-commerce/ecommerce_server/models/user.js": {"path":"/mnt/c/Users/orion/OneDrive/Desktop/repo-phase2-pemantapan/E-commerce/ecommerce_server/models/user.js","statementMap":{"0":{"start":{"line":2,"column":25},"end":{"line":2,"column":53}},"1":{"start":{"line":3,"column":0},"end":{"line":76,"column":2}},"2":{"start":{"line":4,"column":16},"end":{"line":4,"column":41}},"3":{"start":{"line":7,"column":2},"end":{"line":70,"column":4}},"4":{"start":{"line":67,"column":8},"end":{"line":67,"column":52}},"5":{"start":{"line":72,"column":2},"end":{"line":74,"column":4}},"6":{"start":{"line":75,"column":2},"end":{"line":75,"column":14}}},"fnMap":{"0":{"name":"(anonymous_0)","decl":{"start":{"line":3,"column":17},"end":{"line":3,"column":18}},"loc":{"start":{"line":3,"column":43},"end":{"line":76,"column":1}},"line":3},"1":{"name":"(anonymous_1)","decl":{"start":{"line":66,"column":6},"end":{"line":66,"column":7}},"loc":{"start":{"line":66,"column":33},"end":{"line":68,"column":7}},"line":66},"2":{"name":"(anonymous_2)","decl":{"start":{"line":72,"column":19},"end":{"line":72,"column":20}},"loc":{"start":{"line":72,"column":36},"end":{"line":74,"column":3}},"line":72}},"branchMap":{},"s":{"0":2,"1":2,"2":2,"3":2,"4":8,"5":2,"6":2},"f":{"0":2,"1":8,"2":2},"b":{},"_coverageSchema":"1a1c01bbd47fc00a2c39e90264f33305004495a9","hash":"e5f754955658165ce79bf70b8045589ba82bac1e"}
,"/mnt/c/Users/orion/OneDrive/Desktop/repo-phase2-pemantapan/E-commerce/ecommerce_server/router/CartRoutes.js": {"path":"/mnt/c/Users/orion/OneDrive/Desktop/repo-phase2-pemantapan/E-commerce/ecommerce_server/router/CartRoutes.js","statementMap":{"0":{"start":{"line":1,"column":15},"end":{"line":1,"column":42}},"1":{"start":{"line":2,"column":23},"end":{"line":2,"column":63}},"2":{"start":{"line":3,"column":47},"end":{"line":3,"column":77}},"3":{"start":{"line":8,"column":0},"end":{"line":8,"column":26}},"4":{"start":{"line":10,"column":0},"end":{"line":10,"column":40}},"5":{"start":{"line":11,"column":0},"end":{"line":11,"column":45}},"6":{"start":{"line":13,"column":0},"end":{"line":13,"column":63}},"7":{"start":{"line":14,"column":0},"end":{"line":14,"column":78}},"8":{"start":{"line":15,"column":0},"end":{"line":15,"column":24}}},"fnMap":{},"branchMap":{},"s":{"0":2,"1":2,"2":2,"3":2,"4":2,"5":2,"6":2,"7":2,"8":2},"f":{},"b":{},"_coverageSchema":"1a1c01bbd47fc00a2c39e90264f33305004495a9","hash":"4a5e1810d7f03027deda97bbb708062133265908"}
,"/mnt/c/Users/orion/OneDrive/Desktop/repo-phase2-pemantapan/E-commerce/ecommerce_server/router/CategoryRoutes.js": {"path":"/mnt/c/Users/orion/OneDrive/Desktop/repo-phase2-pemantapan/E-commerce/ecommerce_server/router/CategoryRoutes.js","statementMap":{"0":{"start":{"line":1,"column":15},"end":{"line":1,"column":42}},"1":{"start":{"line":2,"column":27},"end":{"line":2,"column":71}},"2":{"start":{"line":3,"column":48},"end":{"line":3,"column":78}},"3":{"start":{"line":5,"column":0},"end":{"line":5,"column":44}},"4":{"start":{"line":6,"column":0},"end":{"line":6,"column":47}},"5":{"start":{"line":8,"column":0},"end":{"line":8,"column":26}},"6":{"start":{"line":9,"column":0},"end":{"line":9,"column":65}},"7":{"start":{"line":10,"column":0},"end":{"line":10,"column":70}},"8":{"start":{"line":11,"column":0},"end":{"line":11,"column":67}},"9":{"start":{"line":13,"column":0},"end":{"line":13,"column":24}}},"fnMap":{},"branchMap":{},"s":{"0":2,"1":2,"2":2,"3":2,"4":2,"5":2,"6":2,"7":2,"8":2,"9":2},"f":{},"b":{},"_coverageSchema":"1a1c01bbd47fc00a2c39e90264f33305004495a9","hash":"be349b2d393ecf61e9a7e8ecbabe07059aefed6c"}
,"/mnt/c/Users/orion/OneDrive/Desktop/repo-phase2-pemantapan/E-commerce/ecommerce_server/router/ProductRoute.js": {"path":"/mnt/c/Users/orion/OneDrive/Desktop/repo-phase2-pemantapan/E-commerce/ecommerce_server/router/ProductRoute.js","statementMap":{"0":{"start":{"line":1,"column":15},"end":{"line":1,"column":42}},"1":{"start":{"line":2,"column":26},"end":{"line":2,"column":69}},"2":{"start":{"line":3,"column":48},"end":{"line":3,"column":78}},"3":{"start":{"line":5,"column":0},"end":{"line":5,"column":43}},"4":{"start":{"line":6,"column":0},"end":{"line":6,"column":46}},"5":{"start":{"line":8,"column":0},"end":{"line":8,"column":26}},"6":{"start":{"line":9,"column":0},"end":{"line":9,"column":64}},"7":{"start":{"line":10,"column":0},"end":{"line":10,"column":69}},"8":{"start":{"line":11,"column":0},"end":{"line":11,"column":66}},"9":{"start":{"line":13,"column":0},"end":{"line":13,"column":24}}},"fnMap":{},"branchMap":{},"s":{"0":2,"1":2,"2":2,"3":2,"4":2,"5":2,"6":2,"7":2,"8":2,"9":2},"f":{},"b":{},"_coverageSchema":"1a1c01bbd47fc00a2c39e90264f33305004495a9","hash":"e0b066083116a2d50d505c2394c195c853c47333"}
,"/mnt/c/Users/orion/OneDrive/Desktop/repo-phase2-pemantapan/E-commerce/ecommerce_server/router/UserRoutes.js": {"path":"/mnt/c/Users/orion/OneDrive/Desktop/repo-phase2-pemantapan/E-commerce/ecommerce_server/router/UserRoutes.js","statementMap":{"0":{"start":{"line":1,"column":15},"end":{"line":1,"column":42}},"1":{"start":{"line":2,"column":23},"end":{"line":2,"column":63}},"2":{"start":{"line":4,"column":0},"end":{"line":4,"column":50}},"3":{"start":{"line":5,"column":0},"end":{"line":5,"column":44}},"4":{"start":{"line":7,"column":0},"end":{"line":7,"column":24}}},"fnMap":{},"branchMap":{},"s":{"0":2,"1":2,"2":2,"3":2,"4":2},"f":{},"b":{},"_coverageSchema":"1a1c01bbd47fc00a2c39e90264f33305004495a9","hash":"7e0c718a1b6d4c6553650897381f6cce7edd4682"}
,"/mnt/c/Users/orion/OneDrive/Desktop/repo-phase2-pemantapan/E-commerce/ecommerce_server/router/index.js": {"path":"/mnt/c/Users/orion/OneDrive/Desktop/repo-phase2-pemantapan/E-commerce/ecommerce_server/router/index.js","statementMap":{"0":{"start":{"line":1,"column":15},"end":{"line":1,"column":42}},"1":{"start":{"line":2,"column":18},"end":{"line":2,"column":41}},"2":{"start":{"line":3,"column":21},"end":{"line":3,"column":46}},"3":{"start":{"line":4,"column":22},"end":{"line":4,"column":49}},"4":{"start":{"line":5,"column":18},"end":{"line":5,"column":41}},"5":{"start":{"line":7,"column":0},"end":{"line":7,"column":31}},"6":{"start":{"line":8,"column":0},"end":{"line":8,"column":39}},"7":{"start":{"line":9,"column":0},"end":{"line":9,"column":37}},"8":{"start":{"line":10,"column":0},"end":{"line":10,"column":31}},"9":{"start":{"line":12,"column":0},"end":{"line":12,"column":24}}},"fnMap":{},"branchMap":{},"s":{"0":2,"1":2,"2":2,"3":2,"4":2,"5":2,"6":2,"7":2,"8":2,"9":2},"f":{},"b":{},"_coverageSchema":"1a1c01bbd47fc00a2c39e90264f33305004495a9","hash":"34cf582eb4fc7e441f6669349bcb34b0cfccee08"}
}
