{"/mnt/c/Users/orion/OneDrive/Desktop/repo-phase2-pemantapan/E-commerce/ecommerce_server/app.js": {"path":"/mnt/c/Users/orion/OneDrive/Desktop/repo-phase2-pemantapan/E-commerce/ecommerce_server/app.js","statementMap":{"0":{"start":{"line":1,"column":16},"end":{"line":1,"column":34}},"1":{"start":{"line":2,"column":12},"end":{"line":2,"column":21}},"2":{"start":{"line":3,"column":13},"end":{"line":3,"column":28}},"3":{"start":{"line":4,"column":21},"end":{"line":4,"column":59}},"4":{"start":{"line":5,"column":15},"end":{"line":5,"column":34}},"5":{"start":{"line":7,"column":0},"end":{"line":7,"column":16}},"6":{"start":{"line":8,"column":0},"end":{"line":8,"column":49}},"7":{"start":{"line":9,"column":0},"end":{"line":9,"column":24}},"8":{"start":{"line":10,"column":0},"end":{"line":10,"column":16}},"9":{"start":{"line":11,"column":0},"end":{"line":11,"column":22}},"10":{"start":{"line":12,"column":0},"end":{"line":12,"column":21}}},"fnMap":{},"branchMap":{},"s":{"0":1,"1":1,"2":1,"3":1,"4":1,"5":1,"6":1,"7":1,"8":1,"9":1,"10":1},"f":{},"b":{},"_coverageSchema":"1a1c01bbd47fc00a2c39e90264f33305004495a9","hash":"bc905ce7d93b2462f0eeb512a4bcd414c56b9fdb"}
,"/mnt/c/Users/orion/OneDrive/Desktop/repo-phase2-pemantapan/E-commerce/ecommerce_server/config/config.js": {"path":"/mnt/c/Users/orion/OneDrive/Desktop/repo-phase2-pemantapan/E-commerce/ecommerce_server/config/config.js","statementMap":{"0":{"start":{"line":1,"column":12},"end":{"line":1,"column":32}},"1":{"start":{"line":2,"column":0},"end":{"line":2,"column":17}},"2":{"start":{"line":3,"column":0},"end":{"line":12,"column":1}},"3":{"start":{"line":5,"column":4},"end":{"line":5,"column":63}},"4":{"start":{"line":6,"column":4},"end":{"line":6,"column":10}},"5":{"start":{"line":8,"column":4},"end":{"line":8,"column":68}},"6":{"start":{"line":9,"column":4},"end":{"line":9,"column":10}},"7":{"start":{"line":11,"column":4},"end":{"line":11,"column":10}},"8":{"start":{"line":14,"column":0},"end":{"line":20,"column":1}}},"fnMap":{},"branchMap":{"0":{"loc":{"start":{"line":3,"column":0},"end":{"line":12,"column":1}},"type":"switch","locations":[{"start":{"line":4,"column":2},"end":{"line":6,"column":10}},{"start":{"line":7,"column":2},"end":{"line":9,"column":10}},{"start":{"line":10,"column":2},"end":{"line":11,"column":10}}],"line":3}},"s":{"0":1,"1":1,"2":1,"3":0,"4":0,"5":1,"6":1,"7":0,"8":1},"f":{},"b":{"0":[0,1,0]},"_coverageSchema":"1a1c01bbd47fc00a2c39e90264f33305004495a9","hash":"7cb1bb915e7d3e162714c13114ec8ae325f961ec"}
,"/mnt/c/Users/orion/OneDrive/Desktop/repo-phase2-pemantapan/E-commerce/ecommerce_server/controllers/UserController.js": {"path":"/mnt/c/Users/orion/OneDrive/Desktop/repo-phase2-pemantapan/E-commerce/ecommerce_server/controllers/UserController.js","statementMap":{"0":{"start":{"line":1,"column":17},"end":{"line":1,"column":37}},"1":{"start":{"line":2,"column":28},"end":{"line":2,"column":56}},"2":{"start":{"line":3,"column":26},"end":{"line":3,"column":55}},"3":{"start":{"line":7,"column":4},"end":{"line":37,"column":5}},"4":{"start":{"line":8,"column":40},"end":{"line":8,"column":48}},"5":{"start":{"line":9,"column":19},"end":{"line":13,"column":8}},"6":{"start":{"line":15,"column":6},"end":{"line":21,"column":7}},"7":{"start":{"line":16,"column":8},"end":{"line":20,"column":10}},"8":{"start":{"line":22,"column":22},"end":{"line":26,"column":8}},"9":{"start":{"line":27,"column":22},"end":{"line":31,"column":7}},"10":{"start":{"line":33,"column":6},"end":{"line":33,"column":36}},"11":{"start":{"line":36,"column":6},"end":{"line":36,"column":16}},"12":{"start":{"line":41,"column":4},"end":{"line":82,"column":5}},"13":{"start":{"line":42,"column":34},"end":{"line":42,"column":42}},"14":{"start":{"line":43,"column":6},"end":{"line":47,"column":8}},"15":{"start":{"line":43,"column":31},"end":{"line":47,"column":8}},"16":{"start":{"line":48,"column":19},"end":{"line":52,"column":8}},"17":{"start":{"line":53,"column":6},"end":{"line":78,"column":7}},"18":{"start":{"line":54,"column":30},"end":{"line":54,"column":70}},"19":{"start":{"line":55,"column":8},"end":{"line":71,"column":9}},"20":{"start":{"line":56,"column":26},"end":{"line":59,"column":11}},"21":{"start":{"line":60,"column":24},"end":{"line":60,"column":46}},"22":{"start":{"line":61,"column":10},"end":{"line":64,"column":13}},"23":{"start":{"line":66,"column":10},"end":{"line":70,"column":12}},"24":{"start":{"line":73,"column":8},"end":{"line":77,"column":10}},"25":{"start":{"line":81,"column":6},"end":{"line":81,"column":16}},"26":{"start":{"line":86,"column":0},"end":{"line":86,"column":28}}},"fnMap":{"0":{"name":"(anonymous_0)","decl":{"start":{"line":6,"column":2},"end":{"line":6,"column":3}},"loc":{"start":{"line":6,"column":40},"end":{"line":38,"column":3}},"line":6},"1":{"name":"(anonymous_1)","decl":{"start":{"line":40,"column":2},"end":{"line":40,"column":3}},"loc":{"start":{"line":40,"column":37},"end":{"line":83,"column":3}},"line":40}},"branchMap":{"0":{"loc":{"start":{"line":15,"column":6},"end":{"line":21,"column":7}},"type":"if","locations":[{"start":{"line":15,"column":6},"end":{"line":21,"column":7}},{"start":{"line":15,"column":6},"end":{"line":21,"column":7}}],"line":15},"1":{"loc":{"start":{"line":43,"column":6},"end":{"line":47,"column":8}},"type":"if","locations":[{"start":{"line":43,"column":6},"end":{"line":47,"column":8}},{"start":{"line":43,"column":6},"end":{"line":47,"column":8}}],"line":43},"2":{"loc":{"start":{"line":43,"column":10},"end":{"line":43,"column":29}},"type":"binary-expr","locations":[{"start":{"line":43,"column":10},"end":{"line":43,"column":16}},{"start":{"line":43,"column":20},"end":{"line":43,"column":29}}],"line":43},"3":{"loc":{"start":{"line":53,"column":6},"end":{"line":78,"column":7}},"type":"if","locations":[{"start":{"line":53,"column":6},"end":{"line":78,"column":7}},{"start":{"line":53,"column":6},"end":{"line":78,"column":7}}],"line":53},"4":{"loc":{"start":{"line":55,"column":8},"end":{"line":71,"column":9}},"type":"if","locations":[{"start":{"line":55,"column":8},"end":{"line":71,"column":9}},{"start":{"line":55,"column":8},"end":{"line":71,"column":9}}],"line":55}},"s":{"0":1,"1":1,"2":1,"3":6,"4":6,"5":6,"6":6,"7":1,"8":6,"9":1,"10":1,"11":5,"12":4,"13":4,"14":4,"15":1,"16":4,"17":4,"18":2,"19":2,"20":1,"21":1,"22":1,"23":1,"24":2,"25":0,"26":1},"f":{"0":6,"1":4},"b":{"0":[1,5],"1":[1,3],"2":[4,3],"3":[2,2],"4":[1,1]},"_coverageSchema":"1a1c01bbd47fc00a2c39e90264f33305004495a9","hash":"bf5f42465b1c9ad5db42e2db07bfa9d67afa3350"}
,"/mnt/c/Users/orion/OneDrive/Desktop/repo-phase2-pemantapan/E-commerce/ecommerce_server/helpers/bcrypt.js": {"path":"/mnt/c/Users/orion/OneDrive/Desktop/repo-phase2-pemantapan/E-commerce/ecommerce_server/helpers/bcrypt.js","statementMap":{"0":{"start":{"line":1,"column":46},"end":{"line":1,"column":65}},"1":{"start":{"line":3,"column":0},"end":{"line":12,"column":1}},"2":{"start":{"line":5,"column":17},"end":{"line":5,"column":47}},"3":{"start":{"line":6,"column":4},"end":{"line":6,"column":36}},"4":{"start":{"line":10,"column":4},"end":{"line":10,"column":49}}},"fnMap":{"0":{"name":"(anonymous_0)","decl":{"start":{"line":4,"column":2},"end":{"line":4,"column":3}},"loc":{"start":{"line":4,"column":25},"end":{"line":7,"column":3}},"line":4},"1":{"name":"(anonymous_1)","decl":{"start":{"line":9,"column":2},"end":{"line":9,"column":3}},"loc":{"start":{"line":9,"column":44},"end":{"line":11,"column":3}},"line":9}},"branchMap":{},"s":{"0":1,"1":1,"2":6,"3":6,"4":2},"f":{"0":6,"1":2},"b":{},"_coverageSchema":"1a1c01bbd47fc00a2c39e90264f33305004495a9","hash":"4e7febeb9c691a54d9538c9052e1de5777f43fc3"}
,"/mnt/c/Users/orion/OneDrive/Desktop/repo-phase2-pemantapan/E-commerce/ecommerce_server/helpers/jwtoken.js": {"path":"/mnt/c/Users/orion/OneDrive/Desktop/repo-phase2-pemantapan/E-commerce/ecommerce_server/helpers/jwtoken.js","statementMap":{"0":{"start":{"line":1,"column":25},"end":{"line":1,"column":48}},"1":{"start":{"line":3,"column":0},"end":{"line":11,"column":1}},"2":{"start":{"line":5,"column":4},"end":{"line":5,"column":49}},"3":{"start":{"line":9,"column":4},"end":{"line":9,"column":49}}},"fnMap":{"0":{"name":"(anonymous_0)","decl":{"start":{"line":4,"column":2},"end":{"line":4,"column":3}},"loc":{"start":{"line":4,"column":25},"end":{"line":6,"column":3}},"line":4},"1":{"name":"(anonymous_1)","decl":{"start":{"line":8,"column":2},"end":{"line":8,"column":3}},"loc":{"start":{"line":8,"column":21},"end":{"line":10,"column":3}},"line":8}},"branchMap":{},"s":{"0":1,"1":1,"2":1,"3":0},"f":{"0":1,"1":0},"b":{},"_coverageSchema":"1a1c01bbd47fc00a2c39e90264f33305004495a9","hash":"de39bb985fdce52c6b98590ae1f1253a7d2e7b35"}
,"/mnt/c/Users/orion/OneDrive/Desktop/repo-phase2-pemantapan/E-commerce/ecommerce_server/middlewares/error-handler.js": {"path":"/mnt/c/Users/orion/OneDrive/Desktop/repo-phase2-pemantapan/E-commerce/ecommerce_server/middlewares/error-handler.js","statementMap":{"0":{"start":{"line":1,"column":21},"end":{"line":41,"column":1}},"1":{"start":{"line":2,"column":15},"end":{"line":2,"column":18}},"2":{"start":{"line":3,"column":15},"end":{"line":3,"column":17}},"3":{"start":{"line":4,"column":14},"end":{"line":7,"column":3}},"4":{"start":{"line":8,"column":2},"end":{"line":40,"column":3}},"5":{"start":{"line":10,"column":6},"end":{"line":10,"column":33}},"6":{"start":{"line":11,"column":6},"end":{"line":11,"column":19}},"7":{"start":{"line":12,"column":6},"end":{"line":14,"column":7}},"8":{"start":{"line":13,"column":8},"end":{"line":13,"column":35}},"9":{"start":{"line":15,"column":6},"end":{"line":15,"column":35}},"10":{"start":{"line":16,"column":4},"end":{"line":16,"column":10}},"11":{"start":{"line":19,"column":6},"end":{"line":19,"column":33}},"12":{"start":{"line":20,"column":6},"end":{"line":20,"column":19}},"13":{"start":{"line":21,"column":6},"end":{"line":23,"column":7}},"14":{"start":{"line":22,"column":8},"end":{"line":22,"column":34}},"15":{"start":{"line":24,"column":6},"end":{"line":24,"column":35}},"16":{"start":{"line":25,"column":4},"end":{"line":25,"column":10}},"17":{"start":{"line":28,"column":6},"end":{"line":28,"column":29}},"18":{"start":{"line":29,"column":6},"end":{"line":29,"column":35}},"19":{"start":{"line":30,"column":6},"end":{"line":30,"column":19}},"20":{"start":{"line":31,"column":6},"end":{"line":31,"column":35}},"21":{"start":{"line":32,"column":6},"end":{"line":32,"column":12}},"22":{"start":{"line":35,"column":6},"end":{"line":35,"column":33}},"23":{"start":{"line":36,"column":6},"end":{"line":36,"column":55}},"24":{"start":{"line":37,"column":6},"end":{"line":37,"column":35}},"25":{"start":{"line":38,"column":6},"end":{"line":38,"column":35}},"26":{"start":{"line":39,"column":6},"end":{"line":39,"column":12}},"27":{"start":{"line":43,"column":0},"end":{"line":43,"column":30}}},"fnMap":{"0":{"name":"(anonymous_0)","decl":{"start":{"line":1,"column":21},"end":{"line":1,"column":22}},"loc":{"start":{"line":1,"column":43},"end":{"line":41,"column":1}},"line":1}},"branchMap":{"0":{"loc":{"start":{"line":8,"column":2},"end":{"line":40,"column":3}},"type":"switch","locations":[{"start":{"line":9,"column":4},"end":{"line":16,"column":10}},{"start":{"line":18,"column":4},"end":{"line":25,"column":10}},{"start":{"line":27,"column":4},"end":{"line":32,"column":12}},{"start":{"line":34,"column":4},"end":{"line":39,"column":12}}],"line":8},"1":{"loc":{"start":{"line":35,"column":15},"end":{"line":35,"column":32}},"type":"binary-expr","locations":[{"start":{"line":35,"column":15},"end":{"line":35,"column":25}},{"start":{"line":35,"column":29},"end":{"line":35,"column":32}}],"line":35},"2":{"loc":{"start":{"line":36,"column":20},"end":{"line":36,"column":55}},"type":"binary-expr","locations":[{"start":{"line":36,"column":20},"end":{"line":36,"column":28}},{"start":{"line":36,"column":32},"end":{"line":36,"column":55}}],"line":36}},"s":{"0":1,"1":8,"2":8,"3":8,"4":8,"5":4,"6":4,"7":4,"8":9,"9":4,"10":4,"11":0,"12":0,"13":0,"14":0,"15":0,"16":0,"17":0,"18":0,"19":0,"20":0,"21":0,"22":4,"23":4,"24":4,"25":4,"26":4,"27":1},"f":{"0":8},"b":{"0":[4,0,0,4],"1":[4,0],"2":[4,0]},"_coverageSchema":"1a1c01bbd47fc00a2c39e90264f33305004495a9","hash":"76b49354b946b089c02ff953cbf2b528c8732bde"}
,"/mnt/c/Users/orion/OneDrive/Desktop/repo-phase2-pemantapan/E-commerce/ecommerce_server/models/category.js": {"path":"/mnt/c/Users/orion/OneDrive/Desktop/repo-phase2-pemantapan/E-commerce/ecommerce_server/models/category.js","statementMap":{"0":{"start":{"line":2,"column":0},"end":{"line":34,"column":2}},"1":{"start":{"line":3,"column":16},"end":{"line":3,"column":41}},"2":{"start":{"line":7,"column":2},"end":{"line":24,"column":4}},"3":{"start":{"line":26,"column":2},"end":{"line":32,"column":4}},"4":{"start":{"line":28,"column":4},"end":{"line":31,"column":6}},"5":{"start":{"line":33,"column":2},"end":{"line":33,"column":18}}},"fnMap":{"0":{"name":"(anonymous_0)","decl":{"start":{"line":2,"column":17},"end":{"line":2,"column":18}},"loc":{"start":{"line":2,"column":43},"end":{"line":34,"column":1}},"line":2},"1":{"name":"(anonymous_1)","decl":{"start":{"line":26,"column":23},"end":{"line":26,"column":24}},"loc":{"start":{"line":26,"column":40},"end":{"line":32,"column":3}},"line":26}},"branchMap":{},"s":{"0":1,"1":1,"2":1,"3":1,"4":1,"5":1},"f":{"0":1,"1":1},"b":{},"_coverageSchema":"1a1c01bbd47fc00a2c39e90264f33305004495a9","hash":"07078b6071539a728959212ffe37bd2c613d8863"}
,"/mnt/c/Users/orion/OneDrive/Desktop/repo-phase2-pemantapan/E-commerce/ecommerce_server/models/categoryproduct.js": {"path":"/mnt/c/Users/orion/OneDrive/Desktop/repo-phase2-pemantapan/E-commerce/ecommerce_server/models/categoryproduct.js","statementMap":{"0":{"start":{"line":2,"column":0},"end":{"line":35,"column":2}},"1":{"start":{"line":3,"column":16},"end":{"line":3,"column":41}},"2":{"start":{"line":7,"column":2},"end":{"line":26,"column":4}},"3":{"start":{"line":31,"column":2},"end":{"line":33,"column":4}},"4":{"start":{"line":34,"column":2},"end":{"line":34,"column":25}}},"fnMap":{"0":{"name":"(anonymous_0)","decl":{"start":{"line":2,"column":17},"end":{"line":2,"column":18}},"loc":{"start":{"line":2,"column":43},"end":{"line":35,"column":1}},"line":2},"1":{"name":"(anonymous_1)","decl":{"start":{"line":31,"column":30},"end":{"line":31,"column":31}},"loc":{"start":{"line":31,"column":47},"end":{"line":33,"column":3}},"line":31}},"branchMap":{},"s":{"0":1,"1":1,"2":1,"3":1,"4":1},"f":{"0":1,"1":1},"b":{},"_coverageSchema":"1a1c01bbd47fc00a2c39e90264f33305004495a9","hash":"21ac3d31829feba95bdf2f0ed87703dc76b1aff5"}
,"/mnt/c/Users/orion/OneDrive/Desktop/repo-phase2-pemantapan/E-commerce/ecommerce_server/models/index.js": {"path":"/mnt/c/Users/orion/OneDrive/Desktop/repo-phase2-pemantapan/E-commerce/ecommerce_server/models/index.js","statementMap":{"0":{"start":{"line":3,"column":11},"end":{"line":3,"column":24}},"1":{"start":{"line":4,"column":13},"end":{"line":4,"column":28}},"2":{"start":{"line":5,"column":18},"end":{"line":5,"column":38}},"3":{"start":{"line":6,"column":17},"end":{"line":6,"column":42}},"4":{"start":{"line":7,"column":12},"end":{"line":7,"column":49}},"5":{"start":{"line":8,"column":15},"end":{"line":8,"column":58}},"6":{"start":{"line":9,"column":11},"end":{"line":9,"column":13}},"7":{"start":{"line":12,"column":0},"end":{"line":16,"column":1}},"8":{"start":{"line":13,"column":2},"end":{"line":13,"column":74}},"9":{"start":{"line":15,"column":2},"end":{"line":15,"column":87}},"10":{"start":{"line":18,"column":0},"end":{"line":26,"column":5}},"11":{"start":{"line":21,"column":4},"end":{"line":21,"column":90}},"12":{"start":{"line":24,"column":18},"end":{"line":24,"column":65}},"13":{"start":{"line":25,"column":4},"end":{"line":25,"column":27}},"14":{"start":{"line":28,"column":0},"end":{"line":32,"column":3}},"15":{"start":{"line":29,"column":2},"end":{"line":31,"column":3}},"16":{"start":{"line":30,"column":4},"end":{"line":30,"column":32}},"17":{"start":{"line":34,"column":0},"end":{"line":34,"column":25}},"18":{"start":{"line":35,"column":0},"end":{"line":35,"column":25}},"19":{"start":{"line":37,"column":0},"end":{"line":37,"column":20}}},"fnMap":{"0":{"name":"(anonymous_0)","decl":{"start":{"line":20,"column":10},"end":{"line":20,"column":11}},"loc":{"start":{"line":20,"column":18},"end":{"line":22,"column":3}},"line":20},"1":{"name":"(anonymous_1)","decl":{"start":{"line":23,"column":11},"end":{"line":23,"column":12}},"loc":{"start":{"line":23,"column":19},"end":{"line":26,"column":3}},"line":23},"2":{"name":"(anonymous_2)","decl":{"start":{"line":28,"column":24},"end":{"line":28,"column":25}},"loc":{"start":{"line":28,"column":37},"end":{"line":32,"column":1}},"line":28}},"branchMap":{"0":{"loc":{"start":{"line":7,"column":12},"end":{"line":7,"column":49}},"type":"binary-expr","locations":[{"start":{"line":7,"column":12},"end":{"line":7,"column":32}},{"start":{"line":7,"column":36},"end":{"line":7,"column":49}}],"line":7},"1":{"loc":{"start":{"line":12,"column":0},"end":{"line":16,"column":1}},"type":"if","locations":[{"start":{"line":12,"column":0},"end":{"line":16,"column":1}},{"start":{"line":12,"column":0},"end":{"line":16,"column":1}}],"line":12},"2":{"loc":{"start":{"line":21,"column":11},"end":{"line":21,"column":89}},"type":"binary-expr","locations":[{"start":{"line":21,"column":12},"end":{"line":21,"column":35}},{"start":{"line":21,"column":41},"end":{"line":21,"column":58}},{"start":{"line":21,"column":64},"end":{"line":21,"column":88}}],"line":21},"3":{"loc":{"start":{"line":29,"column":2},"end":{"line":31,"column":3}},"type":"if","locations":[{"start":{"line":29,"column":2},"end":{"line":31,"column":3}},{"start":{"line":29,"column":2},"end":{"line":31,"column":3}}],"line":29}},"s":{"0":1,"1":1,"2":1,"3":1,"4":1,"5":1,"6":1,"7":1,"8":0,"9":1,"10":1,"11":5,"12":4,"13":4,"14":1,"15":4,"16":4,"17":1,"18":1,"19":1},"f":{"0":5,"1":4,"2":4},"b":{"0":[1,0],"1":[0,1],"2":[5,5,4],"3":[4,0]},"_coverageSchema":"1a1c01bbd47fc00a2c39e90264f33305004495a9","hash":"c90dd56a32ab1c7c1159cb16a7389108f8d8de65"}
,"/mnt/c/Users/orion/OneDrive/Desktop/repo-phase2-pemantapan/E-commerce/ecommerce_server/models/product.js": {"path":"/mnt/c/Users/orion/OneDrive/Desktop/repo-phase2-pemantapan/E-commerce/ecommerce_server/models/product.js","statementMap":{"0":{"start":{"line":2,"column":0},"end":{"line":68,"column":2}},"1":{"start":{"line":3,"column":16},"end":{"line":3,"column":41}},"2":{"start":{"line":7,"column":2},"end":{"line":58,"column":4}},"3":{"start":{"line":60,"column":2},"end":{"line":66,"column":4}},"4":{"start":{"line":62,"column":4},"end":{"line":65,"column":6}},"5":{"start":{"line":67,"column":2},"end":{"line":67,"column":17}}},"fnMap":{"0":{"name":"(anonymous_0)","decl":{"start":{"line":2,"column":17},"end":{"line":2,"column":18}},"loc":{"start":{"line":2,"column":43},"end":{"line":68,"column":1}},"line":2},"1":{"name":"(anonymous_1)","decl":{"start":{"line":60,"column":22},"end":{"line":60,"column":23}},"loc":{"start":{"line":60,"column":39},"end":{"line":66,"column":3}},"line":60}},"branchMap":{},"s":{"0":1,"1":1,"2":1,"3":1,"4":1,"5":1},"f":{"0":1,"1":1},"b":{},"_coverageSchema":"1a1c01bbd47fc00a2c39e90264f33305004495a9","hash":"a6cb2d67787836e859950282a98e47f1e8de8296"}
,"/mnt/c/Users/orion/OneDrive/Desktop/repo-phase2-pemantapan/E-commerce/ecommerce_server/models/user.js": {"path":"/mnt/c/Users/orion/OneDrive/Desktop/repo-phase2-pemantapan/E-commerce/ecommerce_server/models/user.js","statementMap":{"0":{"start":{"line":2,"column":25},"end":{"line":2,"column":53}},"1":{"start":{"line":3,"column":0},"end":{"line":76,"column":2}},"2":{"start":{"line":4,"column":16},"end":{"line":4,"column":41}},"3":{"start":{"line":7,"column":2},"end":{"line":70,"column":4}},"4":{"start":{"line":67,"column":8},"end":{"line":67,"column":52}},"5":{"start":{"line":72,"column":2},"end":{"line":74,"column":4}},"6":{"start":{"line":75,"column":2},"end":{"line":75,"column":14}}},"fnMap":{"0":{"name":"(anonymous_0)","decl":{"start":{"line":3,"column":17},"end":{"line":3,"column":18}},"loc":{"start":{"line":3,"column":43},"end":{"line":76,"column":1}},"line":3},"1":{"name":"(anonymous_1)","decl":{"start":{"line":66,"column":6},"end":{"line":66,"column":7}},"loc":{"start":{"line":66,"column":33},"end":{"line":68,"column":7}},"line":66},"2":{"name":"(anonymous_2)","decl":{"start":{"line":72,"column":19},"end":{"line":72,"column":20}},"loc":{"start":{"line":72,"column":36},"end":{"line":74,"column":3}},"line":72}},"branchMap":{},"s":{"0":1,"1":1,"2":1,"3":1,"4":6,"5":1,"6":1},"f":{"0":1,"1":6,"2":1},"b":{},"_coverageSchema":"1a1c01bbd47fc00a2c39e90264f33305004495a9","hash":"e5f754955658165ce79bf70b8045589ba82bac1e"}
,"/mnt/c/Users/orion/OneDrive/Desktop/repo-phase2-pemantapan/E-commerce/ecommerce_server/router/UserRoutes.js": {"path":"/mnt/c/Users/orion/OneDrive/Desktop/repo-phase2-pemantapan/E-commerce/ecommerce_server/router/UserRoutes.js","statementMap":{"0":{"start":{"line":1,"column":15},"end":{"line":1,"column":42}},"1":{"start":{"line":2,"column":23},"end":{"line":2,"column":63}},"2":{"start":{"line":4,"column":0},"end":{"line":4,"column":50}},"3":{"start":{"line":5,"column":0},"end":{"line":5,"column":44}},"4":{"start":{"line":7,"column":0},"end":{"line":7,"column":24}}},"fnMap":{},"branchMap":{},"s":{"0":1,"1":1,"2":1,"3":1,"4":1},"f":{},"b":{},"_coverageSchema":"1a1c01bbd47fc00a2c39e90264f33305004495a9","hash":"7e0c718a1b6d4c6553650897381f6cce7edd4682"}
,"/mnt/c/Users/orion/OneDrive/Desktop/repo-phase2-pemantapan/E-commerce/ecommerce_server/router/index.js": {"path":"/mnt/c/Users/orion/OneDrive/Desktop/repo-phase2-pemantapan/E-commerce/ecommerce_server/router/index.js","statementMap":{"0":{"start":{"line":1,"column":15},"end":{"line":1,"column":42}},"1":{"start":{"line":2,"column":18},"end":{"line":2,"column":41}},"2":{"start":{"line":4,"column":0},"end":{"line":4,"column":31}},"3":{"start":{"line":6,"column":0},"end":{"line":6,"column":24}}},"fnMap":{},"branchMap":{},"s":{"0":1,"1":1,"2":1,"3":1},"f":{},"b":{},"_coverageSchema":"1a1c01bbd47fc00a2c39e90264f33305004495a9","hash":"5d3fead09ff188c23a9973dc8cf6dd6058424c41"}
}
