TN:
SF:app.js
FNF:0
FNH:0
DA:1,2
DA:2,2
DA:3,2
DA:4,2
DA:5,2
DA:7,2
DA:8,2
DA:9,2
DA:10,2
DA:11,2
DA:12,2
LF:11
LH:11
BRF:0
BRH:0
end_of_record
TN:
SF:config/config.js
FNF:0
FNH:0
DA:1,2
DA:2,2
DA:3,2
DA:5,0
DA:6,0
DA:8,2
DA:9,2
DA:11,0
DA:14,2
LF:9
LH:6
BRDA:1,0,0,2
BRDA:1,0,1,0
BRDA:3,1,0,0
BRDA:3,1,1,2
BRDA:3,1,2,0
BRF:5
BRH:2
end_of_record
TN:
SF:controllers/CategoryController.js
FN:4,(anonymous_0)
FN:18,(anonymous_1)
FN:27,(anonymous_2)
FN:49,(anonymous_3)
FN:78,(anonymous_4)
FNF:5
FNH:0
FNDA:0,(anonymous_0)
FNDA:0,(anonymous_1)
FNDA:0,(anonymous_2)
FNDA:0,(anonymous_3)
FNDA:0,(anonymous_4)
DA:1,2
DA:5,0
DA:6,0
DA:8,0
DA:11,0
DA:14,0
DA:19,0
DA:20,0
DA:21,0
DA:23,0
DA:28,0
DA:29,0
DA:35,0
DA:36,0
DA:38,0
DA:45,0
DA:50,0
DA:51,0
DA:52,0
DA:61,0
DA:63,0
DA:64,0
DA:66,0
DA:73,0
DA:79,0
DA:80,0
DA:85,0
DA:90,0
DA:94,0
DA:100,2
LF:30
LH:2
BRDA:35,0,0,0
BRDA:35,0,1,0
BRDA:63,1,0,0
BRDA:63,1,1,0
BRF:4
BRH:0
end_of_record
TN:
SF:controllers/ProductController.js
FN:4,(anonymous_0)
FN:48,(anonymous_1)
FN:59,(anonymous_2)
FN:82,(anonymous_3)
FN:116,(anonymous_4)
FNF:5
FNH:5
FNDA:5,(anonymous_0)
FNDA:1,(anonymous_1)
FNDA:1,(anonymous_2)
FNDA:4,(anonymous_3)
FNDA:2,(anonymous_4)
DA:1,2
DA:5,5
DA:6,5
DA:7,5
DA:12,5
DA:13,5
DA:14,0
DA:20,5
DA:29,2
DA:38,2
DA:39,2
DA:44,3
DA:49,1
DA:50,1
DA:53,1
DA:55,0
DA:60,1
DA:61,1
DA:68,1
DA:69,0
DA:71,1
DA:78,0
DA:83,4
DA:84,4
DA:85,4
DA:99,2
DA:101,2
DA:102,1
DA:104,1
DA:111,2
DA:117,2
DA:118,2
DA:123,2
DA:124,1
DA:130,1
DA:134,1
DA:141,0
DA:147,2
LF:38
LH:33
BRDA:13,0,0,0
BRDA:13,0,1,5
BRDA:68,1,0,0
BRDA:68,1,1,1
BRDA:101,2,0,1
BRDA:101,2,1,1
BRDA:123,3,0,1
BRDA:123,3,1,1
BRF:8
BRH:6
end_of_record
TN:
SF:controllers/UserController.js
FN:6,(anonymous_0)
FN:40,(anonymous_1)
FNF:2
FNH:2
FNDA:6,(anonymous_0)
FNDA:4,(anonymous_1)
DA:1,2
DA:2,2
DA:3,2
DA:7,6
DA:8,6
DA:9,6
DA:15,6
DA:16,1
DA:22,6
DA:27,1
DA:33,1
DA:36,5
DA:41,4
DA:42,4
DA:43,4
DA:48,4
DA:53,4
DA:54,2
DA:55,2
DA:56,1
DA:61,1
DA:62,1
DA:67,1
DA:74,2
DA:82,0
DA:87,2
LF:26
LH:25
BRDA:15,0,0,1
BRDA:15,0,1,5
BRDA:43,1,0,1
BRDA:43,1,1,3
BRDA:43,2,0,4
BRDA:43,2,1,3
BRDA:53,3,0,2
BRDA:53,3,1,2
BRDA:55,4,0,1
BRDA:55,4,1,1
BRF:10
BRH:10
end_of_record
TN:
SF:helpers/bcrypt.js
FN:4,(anonymous_0)
FN:9,(anonymous_1)
FNF:2
FNH:2
FNDA:8,(anonymous_0)
FNDA:2,(anonymous_1)
DA:1,2
DA:3,2
DA:5,8
DA:6,8
DA:10,2
LF:5
LH:5
BRF:0
BRH:0
end_of_record
TN:
SF:helpers/jwtoken.js
FN:4,(anonymous_0)
FN:8,(anonymous_1)
FNF:2
FNH:2
FNDA:3,(anonymous_0)
FNDA:14,(anonymous_1)
DA:1,2
DA:3,2
DA:5,3
DA:9,14
LF:4
LH:4
BRF:0
BRH:0
end_of_record
TN:
SF:middlewares/auth.js
FN:5,(anonymous_0)
FN:39,(anonymous_1)
FNF:2
FNH:2
FNDA:17,(anonymous_0)
FNDA:14,(anonymous_1)
DA:1,2
DA:2,2
DA:4,2
DA:6,17
DA:7,17
DA:8,17
DA:9,14
DA:11,14
DA:15,14
DA:16,14
DA:17,14
DA:19,0
DA:27,3
DA:35,0
DA:40,14
DA:41,14
DA:42,11
DA:44,3
LF:18
LH:16
BRDA:8,0,0,14
BRDA:8,0,1,3
BRDA:15,1,0,14
BRDA:15,1,1,0
BRDA:41,2,0,11
BRDA:41,2,1,3
BRF:6
BRH:5
end_of_record
TN:
SF:middlewares/error-handler.js
FN:1,(anonymous_0)
FNF:1
FNH:1
FNDA:22,(anonymous_0)
DA:1,2
DA:2,22
DA:3,22
DA:4,22
DA:8,22
DA:10,9
DA:11,9
DA:12,9
DA:13,22
DA:15,9
DA:16,9
DA:19,0
DA:20,0
DA:21,0
DA:22,0
DA:24,0
DA:25,0
DA:28,0
DA:29,0
DA:30,0
DA:31,0
DA:32,0
DA:35,13
DA:36,13
DA:37,13
DA:38,13
DA:39,13
DA:43,2
LF:28
LH:17
BRDA:8,0,0,9
BRDA:8,0,1,0
BRDA:8,0,2,0
BRDA:8,0,3,13
BRDA:35,1,0,13
BRDA:35,1,1,0
BRDA:36,2,0,13
BRDA:36,2,1,0
BRF:8
BRH:4
end_of_record
TN:
SF:models/category.js
FN:2,(anonymous_0)
FN:26,(anonymous_1)
FNF:2
FNH:2
FNDA:2,(anonymous_0)
FNDA:2,(anonymous_1)
DA:2,2
DA:3,2
DA:7,2
DA:26,2
DA:28,2
DA:32,2
LF:6
LH:6
BRF:0
BRH:0
end_of_record
TN:
SF:models/index.js
FN:20,(anonymous_0)
FN:23,(anonymous_1)
FN:28,(anonymous_2)
FNF:3
FNH:3
FNDA:8,(anonymous_0)
FNDA:6,(anonymous_1)
FNDA:6,(anonymous_2)
DA:3,2
DA:4,2
DA:5,2
DA:6,2
DA:7,2
DA:8,2
DA:9,2
DA:12,2
DA:13,0
DA:15,2
DA:18,2
DA:21,8
DA:24,6
DA:25,6
DA:28,2
DA:29,6
DA:30,6
DA:34,2
DA:35,2
DA:37,2
LF:20
LH:19
BRDA:7,0,0,2
BRDA:7,0,1,0
BRDA:12,1,0,0
BRDA:12,1,1,2
BRDA:21,2,0,8
BRDA:21,2,1,8
BRDA:21,2,2,6
BRDA:29,3,0,6
BRDA:29,3,1,0
BRF:9
BRH:6
end_of_record
TN:
SF:models/product.js
FN:2,(anonymous_0)
FN:92,(anonymous_1)
FN:100,(anonymous_2)
FNF:3
FNH:3
FNDA:2,(anonymous_0)
FNDA:10,(anonymous_1)
FNDA:2,(anonymous_2)
DA:2,2
DA:3,2
DA:7,2
DA:93,10
DA:94,1
DA:100,2
DA:102,2
DA:106,2
LF:8
LH:8
BRDA:93,0,0,1
BRDA:93,0,1,9
BRF:2
BRH:2
end_of_record
TN:
SF:models/user.js
FN:3,(anonymous_0)
FN:66,(anonymous_1)
FN:72,(anonymous_2)
FNF:3
FNH:3
FNDA:2,(anonymous_0)
FNDA:8,(anonymous_1)
FNDA:2,(anonymous_2)
DA:2,2
DA:3,2
DA:4,2
DA:7,2
DA:67,8
DA:72,2
DA:75,2
LF:7
LH:7
BRF:0
BRH:0
end_of_record
TN:
SF:router/CategoryRoutes.js
FNF:0
FNH:0
DA:1,2
DA:2,2
DA:3,2
DA:5,2
DA:6,2
DA:8,2
DA:9,2
DA:10,2
DA:11,2
DA:13,2
LF:10
LH:10
BRF:0
BRH:0
end_of_record
TN:
SF:router/ProductRoute.js
FNF:0
FNH:0
DA:1,2
DA:2,2
DA:3,2
DA:5,2
DA:6,2
DA:8,2
DA:9,2
DA:10,2
DA:11,2
DA:13,2
LF:10
LH:10
BRF:0
BRH:0
end_of_record
TN:
SF:router/UserRoutes.js
FNF:0
FNH:0
DA:1,2
DA:2,2
DA:4,2
DA:5,2
DA:7,2
LF:5
LH:5
BRF:0
BRH:0
end_of_record
TN:
SF:router/index.js
FNF:0
FNH:0
DA:1,2
DA:2,2
DA:3,2
DA:4,2
DA:6,2
DA:7,2
DA:8,2
DA:10,2
LF:8
LH:8
BRF:0
BRH:0
end_of_record
