TN:
SF:app.js
FNF:0
FNH:0
DA:1,2
DA:2,2
DA:3,2
DA:4,2
DA:5,2
DA:7,2
DA:8,2
DA:9,2
DA:10,2
DA:11,2
DA:12,2
LF:11
LH:11
BRF:0
BRH:0
end_of_record
TN:
SF:config/config.js
FNF:0
FNH:0
DA:1,2
DA:3,2
DA:5,0
DA:6,0
DA:8,2
DA:11,2
LF:6
LH:4
BRDA:1,0,0,2
BRDA:1,0,1,0
BRDA:3,1,0,0
BRDA:3,1,1,2
BRF:4
BRH:2
end_of_record
TN:
SF:controllers/CartController.js
FN:4,(anonymous_0)
FN:42,(anonymous_1)
FN:72,(anonymous_2)
FN:94,(anonymous_3)
FN:116,(anonymous_4)
FN:142,(anonymous_5)
FNF:6
FNH:0
FNDA:0,(anonymous_0)
FNDA:0,(anonymous_1)
FNDA:0,(anonymous_2)
FNDA:0,(anonymous_3)
FNDA:0,(anonymous_4)
FNDA:0,(anonymous_5)
DA:1,2
DA:6,0
DA:7,0
DA:9,0
DA:15,0
DA:22,0
DA:23,0
DA:24,0
DA:25,0
DA:31,0
DA:33,0
DA:41,0
DA:42,0
DA:43,0
DA:48,0
DA:54,0
DA:55,0
DA:57,0
DA:59,0
DA:68,0
DA:73,0
DA:74,0
DA:85,0
DA:88,0
DA:95,0
DA:96,0
DA:98,0
DA:110,0
DA:112,0
DA:117,0
DA:118,0
DA:124,0
DA:125,0
DA:130,0
DA:138,0
DA:143,0
DA:174,2
LF:37
LH:2
BRDA:22,0,0,0
BRDA:22,0,1,0
BRDA:24,1,0,0
BRDA:24,1,1,0
BRDA:41,2,0,0
BRDA:41,2,1,0
BRDA:124,3,0,0
BRDA:124,3,1,0
BRF:8
BRH:0
end_of_record
TN:
SF:controllers/CategoryController.js
FN:4,(anonymous_0)
FN:18,(anonymous_1)
FN:29,(anonymous_2)
FN:52,(anonymous_3)
FN:81,(anonymous_4)
FNF:5
FNH:0
FNDA:0,(anonymous_0)
FNDA:0,(anonymous_1)
FNDA:0,(anonymous_2)
FNDA:0,(anonymous_3)
FNDA:0,(anonymous_4)
DA:1,2
DA:5,0
DA:6,0
DA:8,0
DA:11,0
DA:14,0
DA:19,0
DA:20,0
DA:23,0
DA:25,0
DA:30,0
DA:31,0
DA:38,0
DA:39,0
DA:41,0
DA:48,0
DA:53,0
DA:54,0
DA:55,0
DA:64,0
DA:66,0
DA:67,0
DA:69,0
DA:76,0
DA:82,0
DA:83,0
DA:89,0
DA:95,0
DA:96,0
DA:102,0
DA:107,0
DA:113,2
LF:32
LH:2
BRDA:38,0,0,0
BRDA:38,0,1,0
BRDA:66,1,0,0
BRDA:66,1,1,0
BRDA:95,2,0,0
BRDA:95,2,1,0
BRF:6
BRH:0
end_of_record
TN:
SF:controllers/ProductController.js
FN:4,(anonymous_0)
FN:46,(anonymous_1)
FN:57,(anonymous_2)
FN:80,(anonymous_3)
FN:114,(anonymous_4)
FNF:5
FNH:5
FNDA:5,(anonymous_0)
FNDA:1,(anonymous_1)
FNDA:2,(anonymous_2)
FNDA:4,(anonymous_3)
FNDA:2,(anonymous_4)
DA:1,2
DA:5,5
DA:6,5
DA:7,5
DA:12,5
DA:13,0
DA:19,5
DA:28,2
DA:37,2
DA:42,3
DA:47,1
DA:48,1
DA:51,1
DA:53,0
DA:58,2
DA:59,2
DA:66,2
DA:67,1
DA:69,1
DA:76,0
DA:81,4
DA:82,4
DA:83,4
DA:97,2
DA:99,2
DA:100,1
DA:102,1
DA:109,2
DA:115,2
DA:116,2
DA:121,2
DA:122,1
DA:128,1
DA:132,1
DA:139,0
DA:145,2
LF:36
LH:32
BRDA:12,0,0,0
BRDA:12,0,1,5
BRDA:66,1,0,1
BRDA:66,1,1,1
BRDA:99,2,0,1
BRDA:99,2,1,1
BRDA:121,3,0,1
BRDA:121,3,1,1
BRF:8
BRH:7
end_of_record
TN:
SF:controllers/UserController.js
FN:6,(anonymous_0)
FN:40,(anonymous_1)
FNF:2
FNH:2
FNDA:6,(anonymous_0)
FNDA:4,(anonymous_1)
DA:1,2
DA:2,2
DA:3,2
DA:7,6
DA:8,6
DA:9,6
DA:15,6
DA:16,1
DA:22,6
DA:27,1
DA:33,1
DA:36,5
DA:41,4
DA:42,4
DA:43,4
DA:48,4
DA:53,4
DA:54,2
DA:55,2
DA:56,1
DA:61,1
DA:62,1
DA:67,1
DA:74,2
DA:82,0
DA:91,2
LF:26
LH:25
BRDA:15,0,0,1
BRDA:15,0,1,5
BRDA:43,1,0,1
BRDA:43,1,1,3
BRDA:43,2,0,4
BRDA:43,2,1,3
BRDA:53,3,0,2
BRDA:53,3,1,2
BRDA:55,4,0,1
BRDA:55,4,1,1
BRF:10
BRH:10
end_of_record
TN:
SF:helpers/bcrypt.js
FN:4,(anonymous_0)
FN:9,(anonymous_1)
FNF:2
FNH:2
FNDA:8,(anonymous_0)
FNDA:2,(anonymous_1)
DA:1,2
DA:3,2
DA:5,8
DA:6,8
DA:10,2
LF:5
LH:5
BRF:0
BRH:0
end_of_record
TN:
SF:helpers/jwtoken.js
FN:4,(anonymous_0)
FN:8,(anonymous_1)
FNF:2
FNH:2
FNDA:3,(anonymous_0)
FNDA:14,(anonymous_1)
DA:1,2
DA:3,2
DA:5,3
DA:9,14
LF:4
LH:4
BRF:0
BRH:0
end_of_record
TN:
SF:middlewares/auth.js
FN:5,(anonymous_0)
FN:39,(anonymous_1)
FN:52,(anonymous_2)
FNF:3
FNH:2
FNDA:17,(anonymous_0)
FNDA:14,(anonymous_1)
FNDA:0,(anonymous_2)
DA:1,2
DA:2,2
DA:4,2
DA:6,17
DA:7,17
DA:8,17
DA:9,14
DA:11,14
DA:15,14
DA:16,14
DA:17,14
DA:19,0
DA:27,3
DA:35,0
DA:40,14
DA:41,14
DA:42,11
DA:44,3
DA:53,0
DA:54,0
DA:56,0
DA:61,0
DA:62,0
DA:63,0
DA:65,0
DA:72,0
DA:79,0
LF:27
LH:16
BRDA:8,0,0,14
BRDA:8,0,1,3
BRDA:15,1,0,14
BRDA:15,1,1,0
BRDA:41,2,0,11
BRDA:41,2,1,3
BRDA:61,3,0,0
BRDA:61,3,1,0
BRDA:62,4,0,0
BRDA:62,4,1,0
BRF:10
BRH:5
end_of_record
TN:
SF:middlewares/error-handler.js
FN:1,(anonymous_0)
FNF:1
FNH:1
FNDA:22,(anonymous_0)
DA:1,2
DA:2,22
DA:3,22
DA:4,22
DA:8,22
DA:10,9
DA:11,9
DA:12,9
DA:13,22
DA:15,9
DA:16,9
DA:19,0
DA:20,0
DA:21,0
DA:22,0
DA:24,0
DA:25,0
DA:28,0
DA:29,0
DA:30,0
DA:31,0
DA:32,0
DA:35,13
DA:36,13
DA:37,13
DA:38,13
DA:39,13
DA:43,2
LF:28
LH:17
BRDA:8,0,0,9
BRDA:8,0,1,0
BRDA:8,0,2,0
BRDA:8,0,3,13
BRDA:35,1,0,13
BRDA:35,1,1,0
BRDA:36,2,0,13
BRDA:36,2,1,0
BRF:8
BRH:4
end_of_record
TN:
SF:models/cart.js
FN:2,(anonymous_0)
FN:40,(anonymous_1)
FNF:2
FNH:2
FNDA:2,(anonymous_0)
FNDA:2,(anonymous_1)
DA:2,2
DA:3,2
DA:7,2
DA:40,2
DA:42,2
DA:43,2
DA:45,2
LF:7
LH:7
BRF:0
BRH:0
end_of_record
TN:
SF:models/category.js
FN:2,(anonymous_0)
FN:26,(anonymous_1)
FNF:2
FNH:2
FNDA:2,(anonymous_0)
FNDA:2,(anonymous_1)
DA:2,2
DA:3,2
DA:7,2
DA:26,2
DA:28,2
DA:30,2
LF:6
LH:6
BRF:0
BRH:0
end_of_record
TN:
SF:models/index.js
FN:23,(anonymous_0)
FN:26,(anonymous_1)
FN:31,(anonymous_2)
FNF:3
FNH:3
FNDA:12,(anonymous_0)
FNDA:10,(anonymous_1)
FNDA:10,(anonymous_2)
DA:3,2
DA:4,2
DA:5,2
DA:6,2
DA:7,2
DA:8,2
DA:9,2
DA:12,2
DA:13,0
DA:18,2
DA:21,2
DA:24,12
DA:27,10
DA:28,10
DA:31,2
DA:32,10
DA:33,10
DA:37,2
DA:38,2
DA:40,2
LF:20
LH:19
BRDA:7,0,0,2
BRDA:7,0,1,0
BRDA:12,1,0,0
BRDA:12,1,1,2
BRDA:24,2,0,12
BRDA:24,2,1,12
BRDA:24,2,2,10
BRDA:32,3,0,10
BRDA:32,3,1,0
BRF:9
BRH:6
end_of_record
TN:
SF:models/item.js
FN:2,(anonymous_0)
FN:52,(anonymous_1)
FN:55,(anonymous_2)
FN:61,(anonymous_3)
FNF:4
FNH:2
FNDA:2,(anonymous_0)
FNDA:0,(anonymous_1)
FNDA:0,(anonymous_2)
FNDA:2,(anonymous_3)
DA:2,2
DA:3,2
DA:7,2
DA:53,0
DA:56,0
DA:61,2
DA:63,2
DA:64,2
DA:66,2
LF:9
LH:7
BRF:0
BRH:0
end_of_record
TN:
SF:models/product.js
FN:2,(anonymous_0)
FN:92,(anonymous_1)
FN:100,(anonymous_2)
FNF:3
FNH:3
FNDA:2,(anonymous_0)
FNDA:11,(anonymous_1)
FNDA:2,(anonymous_2)
DA:2,2
DA:3,2
DA:7,2
DA:93,11
DA:94,1
DA:100,2
DA:102,2
DA:104,2
LF:8
LH:8
BRDA:93,0,0,1
BRDA:93,0,1,10
BRF:2
BRH:2
end_of_record
TN:
SF:models/user.js
FN:3,(anonymous_0)
FN:66,(anonymous_1)
FN:72,(anonymous_2)
FNF:3
FNH:3
FNDA:2,(anonymous_0)
FNDA:8,(anonymous_1)
FNDA:2,(anonymous_2)
DA:2,2
DA:3,2
DA:4,2
DA:7,2
DA:67,8
DA:72,2
DA:75,2
LF:7
LH:7
BRF:0
BRH:0
end_of_record
TN:
SF:router/CartRoutes.js
FNF:0
FNH:0
DA:1,2
DA:2,2
DA:3,2
DA:8,2
DA:10,2
DA:11,2
DA:13,2
DA:14,2
DA:15,2
LF:9
LH:9
BRF:0
BRH:0
end_of_record
TN:
SF:router/CategoryRoutes.js
FNF:0
FNH:0
DA:1,2
DA:2,2
DA:3,2
DA:5,2
DA:6,2
DA:8,2
DA:9,2
DA:10,2
DA:11,2
DA:13,2
LF:10
LH:10
BRF:0
BRH:0
end_of_record
TN:
SF:router/ProductRoute.js
FNF:0
FNH:0
DA:1,2
DA:2,2
DA:3,2
DA:5,2
DA:6,2
DA:8,2
DA:9,2
DA:10,2
DA:11,2
DA:13,2
LF:10
LH:10
BRF:0
BRH:0
end_of_record
TN:
SF:router/UserRoutes.js
FNF:0
FNH:0
DA:1,2
DA:2,2
DA:4,2
DA:5,2
DA:7,2
LF:5
LH:5
BRF:0
BRH:0
end_of_record
TN:
SF:router/index.js
FNF:0
FNH:0
DA:1,2
DA:2,2
DA:3,2
DA:4,2
DA:5,2
DA:7,2
DA:8,2
DA:9,2
DA:10,2
DA:12,2
LF:10
LH:10
BRF:0
BRH:0
end_of_record
